[0.120s] DEBUG:colcon:Command line arguments: ['/usr/bin/colcon', 'build']
[0.120s] DEBUG:colcon:Parsed command line arguments: Namespace(log_base=None, log_level=None, verb_name='build', build_base='build', install_base='install', merge_install=False, symlink_install=False, test_result_base=None, continue_on_error=False, executor='sequential', event_handlers=None, base_paths=['.'], paths=None, cmake_args=None, cmake_target=None, cmake_target_skip_unavailable=False, cmake_clean_cache=False, cmake_clean_first=False, cmake_force_configure=False, ament_cmake_args=None, catkin_cmake_args=None, catkin_skip_building_tests=False, verb_parser=CustomArgumentParser(prog='colcon build', usage=None, description='Build a set of packages.', formatter_class=<class 'colcon_core.command.CustomFormatter'>, conflict_handler='error', add_help=True), verb_extension=<colcon_core.verb.build.BuildVerb object at 0x763d490540d0>, main=<bound method BuildVerb.main of <colcon_core.verb.build.BuildVerb object at 0x763d490540d0>>)
[0.409s] Level 1:colcon.colcon_core.package_discovery:discover_packages(recursive) check parameters
[0.409s] Level 1:colcon.colcon_core.package_discovery:discover_packages(path) check parameters
[0.409s] Level 1:colcon.colcon_core.package_discovery:discover_packages(recursive) discover
[0.409s] INFO:colcon.colcon_core.package_discovery:Crawling recursively for packages in '/home/ubuntu/homework'
[0.410s] Level 1:colcon.colcon_core.package_identification:_identify(.) by extensions ['ignore', 'ignore_ament_install']
[0.410s] Level 1:colcon.colcon_core.package_identification:_identify(.) by extension 'ignore'
[0.410s] Level 1:colcon.colcon_core.package_identification:_identify(.) by extension 'ignore_ament_install'
[0.410s] Level 1:colcon.colcon_core.package_identification:_identify(.) by extensions ['ros']
[0.410s] Level 1:colcon.colcon_core.package_identification:_identify(.) by extension 'ros'
[0.430s] Level 1:colcon.colcon_core.package_identification:_identify(.) by extensions ['cmake', 'python']
[0.430s] Level 1:colcon.colcon_core.package_identification:_identify(.) by extension 'cmake'
[0.430s] Level 1:colcon.colcon_core.package_identification:_identify(.) by extension 'python'
[0.430s] Level 1:colcon.colcon_core.package_identification:_identify(.) by extensions ['python_setup_py']
[0.430s] Level 1:colcon.colcon_core.package_identification:_identify(.) by extension 'python_setup_py'
[0.430s] Level 1:colcon.colcon_core.package_identification:_identify(build) by extensions ['ignore', 'ignore_ament_install']
[0.431s] Level 1:colcon.colcon_core.package_identification:_identify(build) by extension 'ignore'
[0.431s] Level 1:colcon.colcon_core.package_identification:_identify(build) ignored
[0.431s] Level 1:colcon.colcon_core.package_identification:_identify(install) by extensions ['ignore', 'ignore_ament_install']
[0.431s] Level 1:colcon.colcon_core.package_identification:_identify(install) by extension 'ignore'
[0.431s] Level 1:colcon.colcon_core.package_identification:_identify(install) ignored
[0.431s] Level 1:colcon.colcon_core.package_identification:_identify(log) by extensions ['ignore', 'ignore_ament_install']
[0.432s] Level 1:colcon.colcon_core.package_identification:_identify(log) by extension 'ignore'
[0.432s] Level 1:colcon.colcon_core.package_identification:_identify(log) ignored
[0.432s] Level 1:colcon.colcon_core.package_identification:_identify(src) by extensions ['ignore', 'ignore_ament_install']
[0.432s] Level 1:colcon.colcon_core.package_identification:_identify(src) by extension 'ignore'
[0.432s] Level 1:colcon.colcon_core.package_identification:_identify(src) by extension 'ignore_ament_install'
[0.432s] Level 1:colcon.colcon_core.package_identification:_identify(src) by extensions ['ros']
[0.432s] Level 1:colcon.colcon_core.package_identification:_identify(src) by extension 'ros'
[0.432s] Level 1:colcon.colcon_core.package_identification:_identify(src) by extensions ['cmake', 'python']
[0.432s] Level 1:colcon.colcon_core.package_identification:_identify(src) by extension 'cmake'
[0.432s] Level 1:colcon.colcon_core.package_identification:_identify(src) by extension 'python'
[0.433s] Level 1:colcon.colcon_core.package_identification:_identify(src) by extensions ['python_setup_py']
[0.433s] Level 1:colcon.colcon_core.package_identification:_identify(src) by extension 'python_setup_py'
[0.433s] Level 1:colcon.colcon_core.package_identification:_identify(src/lr_interfaces) by extensions ['ignore', 'ignore_ament_install']
[0.433s] Level 1:colcon.colcon_core.package_identification:_identify(src/lr_interfaces) by extension 'ignore'
[0.433s] Level 1:colcon.colcon_core.package_identification:_identify(src/lr_interfaces) by extension 'ignore_ament_install'
[0.433s] Level 1:colcon.colcon_core.package_identification:_identify(src/lr_interfaces) by extensions ['ros']
[0.433s] Level 1:colcon.colcon_core.package_identification:_identify(src/lr_interfaces) by extension 'ros'
[0.437s] DEBUG:colcon.colcon_core.package_identification:Package 'src/lr_interfaces' with type 'ros.ament_cmake' and name 'lr_interfaces'
[0.437s] Level 1:colcon.colcon_core.package_identification:_identify(src/morihuooshan) by extensions ['ignore', 'ignore_ament_install']
[0.437s] Level 1:colcon.colcon_core.package_identification:_identify(src/morihuooshan) by extension 'ignore'
[0.437s] Level 1:colcon.colcon_core.package_identification:_identify(src/morihuooshan) by extension 'ignore_ament_install'
[0.438s] Level 1:colcon.colcon_core.package_identification:_identify(src/morihuooshan) by extensions ['ros']
[0.438s] Level 1:colcon.colcon_core.package_identification:_identify(src/morihuooshan) by extension 'ros'
[0.439s] DEBUG:colcon.colcon_core.package_identification:Package 'src/morihuooshan' with type 'ros.ament_python' and name 'morihuooshan'
[0.439s] Level 1:colcon.colcon_core.package_discovery:discover_packages(recursive) using defaults
[0.439s] Level 1:colcon.colcon_core.package_discovery:discover_packages(path) discover
[0.439s] Level 1:colcon.colcon_core.package_discovery:discover_packages(path) using defaults
[0.479s] Level 5:colcon.colcon_core.verb:set package 'lr_interfaces' build argument 'cmake_args' from command line to 'None'
[0.479s] Level 5:colcon.colcon_core.verb:set package 'lr_interfaces' build argument 'cmake_target' from command line to 'None'
[0.479s] Level 5:colcon.colcon_core.verb:set package 'lr_interfaces' build argument 'cmake_target_skip_unavailable' from command line to 'False'
[0.480s] Level 5:colcon.colcon_core.verb:set package 'lr_interfaces' build argument 'cmake_clean_cache' from command line to 'False'
[0.480s] Level 5:colcon.colcon_core.verb:set package 'lr_interfaces' build argument 'cmake_clean_first' from command line to 'False'
[0.480s] Level 5:colcon.colcon_core.verb:set package 'lr_interfaces' build argument 'cmake_force_configure' from command line to 'False'
[0.480s] Level 5:colcon.colcon_core.verb:set package 'lr_interfaces' build argument 'ament_cmake_args' from command line to 'None'
[0.480s] Level 5:colcon.colcon_core.verb:set package 'lr_interfaces' build argument 'catkin_cmake_args' from command line to 'None'
[0.480s] Level 5:colcon.colcon_core.verb:set package 'lr_interfaces' build argument 'catkin_skip_building_tests' from command line to 'False'
[0.480s] DEBUG:colcon.colcon_core.verb:Building package 'lr_interfaces' with the following arguments: {'ament_cmake_args': None, 'build_base': '/home/ubuntu/homework/build/lr_interfaces', 'catkin_cmake_args': None, 'catkin_skip_building_tests': False, 'cmake_args': None, 'cmake_clean_cache': False, 'cmake_clean_first': False, 'cmake_force_configure': False, 'cmake_target': None, 'cmake_target_skip_unavailable': False, 'install_base': '/home/ubuntu/homework/install/lr_interfaces', 'merge_install': False, 'path': '/home/ubuntu/homework/src/lr_interfaces', 'symlink_install': False, 'test_result_base': None}
[0.480s] Level 5:colcon.colcon_core.verb:set package 'morihuooshan' build argument 'cmake_args' from command line to 'None'
[0.480s] Level 5:colcon.colcon_core.verb:set package 'morihuooshan' build argument 'cmake_target' from command line to 'None'
[0.480s] Level 5:colcon.colcon_core.verb:set package 'morihuooshan' build argument 'cmake_target_skip_unavailable' from command line to 'False'
[0.481s] Level 5:colcon.colcon_core.verb:set package 'morihuooshan' build argument 'cmake_clean_cache' from command line to 'False'
[0.481s] Level 5:colcon.colcon_core.verb:set package 'morihuooshan' build argument 'cmake_clean_first' from command line to 'False'
[0.481s] Level 5:colcon.colcon_core.verb:set package 'morihuooshan' build argument 'cmake_force_configure' from command line to 'False'
[0.481s] Level 5:colcon.colcon_core.verb:set package 'morihuooshan' build argument 'ament_cmake_args' from command line to 'None'
[0.481s] Level 5:colcon.colcon_core.verb:set package 'morihuooshan' build argument 'catkin_cmake_args' from command line to 'None'
[0.481s] Level 5:colcon.colcon_core.verb:set package 'morihuooshan' build argument 'catkin_skip_building_tests' from command line to 'False'
[0.481s] DEBUG:colcon.colcon_core.verb:Building package 'morihuooshan' with the following arguments: {'ament_cmake_args': None, 'build_base': '/home/ubuntu/homework/build/morihuooshan', 'catkin_cmake_args': None, 'catkin_skip_building_tests': False, 'cmake_args': None, 'cmake_clean_cache': False, 'cmake_clean_first': False, 'cmake_force_configure': False, 'cmake_target': None, 'cmake_target_skip_unavailable': False, 'install_base': '/home/ubuntu/homework/install/morihuooshan', 'merge_install': False, 'path': '/home/ubuntu/homework/src/morihuooshan', 'symlink_install': False, 'test_result_base': None}
[0.481s] INFO:colcon.colcon_core.executor:Executing jobs using 'sequential' executor
[0.484s] DEBUG:colcon.colcon_core.executor.sequential:run_until_complete 'lr_interfaces'
[0.485s] INFO:colcon.colcon_ros.task.ament_cmake.build:Building ROS package in '/home/ubuntu/homework/src/lr_interfaces' with build type 'ament_cmake'
[0.485s] INFO:colcon.colcon_cmake.task.cmake.build:Building CMake package in '/home/ubuntu/homework/src/lr_interfaces'
[0.486s] INFO:colcon.colcon_core.plugin_system:Skipping extension 'colcon_core.shell.bat': Not used on non-Windows systems
[0.487s] DEBUG:colcon.colcon_core.shell:Skip shell extension 'dsv' for command environment
[0.506s] DEBUG:colcon.colcon_core.event_handler.log_command:Invoking command in '/home/ubuntu/homework/build/lr_interfaces': CMAKE_PREFIX_PATH=${CMAKE_PREFIX_PATH}:/home/ubuntu/homework/install/morihuooshan:/home/ubuntu/chapt4/chapt4_ws/src/install/demo_python_service:/opt/ros/humble /usr/bin/cmake --build /home/ubuntu/homework/build/lr_interfaces -- -j16 -l16
[1.162s] DEBUG:colcon.colcon_core.event_handler.log_command:Invoked command in '/home/ubuntu/homework/build/lr_interfaces' returned '0': CMAKE_PREFIX_PATH=${CMAKE_PREFIX_PATH}:/home/ubuntu/homework/install/morihuooshan:/home/ubuntu/chapt4/chapt4_ws/src/install/demo_python_service:/opt/ros/humble /usr/bin/cmake --build /home/ubuntu/homework/build/lr_interfaces -- -j16 -l16
[1.185s] DEBUG:colcon.colcon_core.event_handler.log_command:Invoking command in '/home/ubuntu/homework/build/lr_interfaces': CMAKE_PREFIX_PATH=${CMAKE_PREFIX_PATH}:/home/ubuntu/homework/install/morihuooshan:/home/ubuntu/chapt4/chapt4_ws/src/install/demo_python_service:/opt/ros/humble /usr/bin/cmake --install /home/ubuntu/homework/build/lr_interfaces
[1.307s] Level 1:colcon.colcon_core.environment:create_environment_scripts_only(lr_interfaces)
[1.307s] DEBUG:colcon.colcon_core.event_handler.log_command:Invoked command in '/home/ubuntu/homework/build/lr_interfaces' returned '0': CMAKE_PREFIX_PATH=${CMAKE_PREFIX_PATH}:/home/ubuntu/homework/install/morihuooshan:/home/ubuntu/chapt4/chapt4_ws/src/install/demo_python_service:/opt/ros/humble /usr/bin/cmake --install /home/ubuntu/homework/build/lr_interfaces
[1.311s] Level 1:colcon.colcon_core.environment:checking '/home/ubuntu/homework/install/lr_interfaces' for CMake module files
[1.313s] Level 1:colcon.colcon_core.environment:checking '/home/ubuntu/homework/install/lr_interfaces' for CMake config files
[1.314s] Level 1:colcon.colcon_core.shell:create_environment_hook('lr_interfaces', 'cmake_prefix_path')
[1.315s] INFO:colcon.colcon_core.shell:Creating environment descriptor '/home/ubuntu/homework/install/lr_interfaces/share/lr_interfaces/hook/cmake_prefix_path.dsv'
[1.316s] INFO:colcon.colcon_core.shell:Creating environment hook '/home/ubuntu/homework/install/lr_interfaces/share/lr_interfaces/hook/cmake_prefix_path.sh'
[1.318s] Level 1:colcon.colcon_core.environment:checking '/home/ubuntu/homework/install/lr_interfaces/lib'
[1.318s] Level 1:colcon.colcon_core.shell:create_environment_hook('lr_interfaces', 'ld_library_path_lib')
[1.318s] INFO:colcon.colcon_core.shell:Creating environment descriptor '/home/ubuntu/homework/install/lr_interfaces/share/lr_interfaces/hook/ld_library_path_lib.dsv'
[1.319s] INFO:colcon.colcon_core.shell:Creating environment hook '/home/ubuntu/homework/install/lr_interfaces/share/lr_interfaces/hook/ld_library_path_lib.sh'
[1.320s] Level 1:colcon.colcon_core.environment:checking '/home/ubuntu/homework/install/lr_interfaces/bin'
[1.320s] Level 1:colcon.colcon_core.environment:checking '/home/ubuntu/homework/install/lr_interfaces/lib/pkgconfig/lr_interfaces.pc'
[1.322s] Level 1:colcon.colcon_core.environment:checking '/home/ubuntu/homework/install/lr_interfaces/lib/python3.10/site-packages'
[1.322s] Level 1:colcon.colcon_core.environment:checking '/home/ubuntu/homework/install/lr_interfaces/bin'
[1.322s] INFO:colcon.colcon_core.shell:Creating package descriptor '/home/ubuntu/homework/install/lr_interfaces/share/lr_interfaces/package.dsv'
[1.324s] INFO:colcon.colcon_core.shell:Creating package script '/home/ubuntu/homework/install/lr_interfaces/share/lr_interfaces/package.sh'
[1.325s] Level 1:colcon.colcon_core.environment:create_file_with_runtime_dependencies(/home/ubuntu/homework/install/lr_interfaces/share/colcon-core/packages/lr_interfaces)
[1.326s] Level 1:colcon.colcon_core.environment:create_environment_scripts_only(lr_interfaces)
[1.327s] Level 1:colcon.colcon_core.environment:checking '/home/ubuntu/homework/install/lr_interfaces' for CMake module files
[1.328s] Level 1:colcon.colcon_core.environment:checking '/home/ubuntu/homework/install/lr_interfaces' for CMake config files
[1.329s] Level 1:colcon.colcon_core.shell:create_environment_hook('lr_interfaces', 'cmake_prefix_path')
[1.330s] INFO:colcon.colcon_core.shell:Creating environment descriptor '/home/ubuntu/homework/install/lr_interfaces/share/lr_interfaces/hook/cmake_prefix_path.dsv'
[1.331s] INFO:colcon.colcon_core.shell:Creating environment hook '/home/ubuntu/homework/install/lr_interfaces/share/lr_interfaces/hook/cmake_prefix_path.sh'
[1.332s] Level 1:colcon.colcon_core.environment:checking '/home/ubuntu/homework/install/lr_interfaces/lib'
[1.332s] Level 1:colcon.colcon_core.shell:create_environment_hook('lr_interfaces', 'ld_library_path_lib')
[1.332s] INFO:colcon.colcon_core.shell:Creating environment descriptor '/home/ubuntu/homework/install/lr_interfaces/share/lr_interfaces/hook/ld_library_path_lib.dsv'
[1.333s] INFO:colcon.colcon_core.shell:Creating environment hook '/home/ubuntu/homework/install/lr_interfaces/share/lr_interfaces/hook/ld_library_path_lib.sh'
[1.334s] Level 1:colcon.colcon_core.environment:checking '/home/ubuntu/homework/install/lr_interfaces/bin'
[1.334s] Level 1:colcon.colcon_core.environment:checking '/home/ubuntu/homework/install/lr_interfaces/lib/pkgconfig/lr_interfaces.pc'
[1.334s] Level 1:colcon.colcon_core.environment:checking '/home/ubuntu/homework/install/lr_interfaces/lib/python3.10/site-packages'
[1.334s] Level 1:colcon.colcon_core.environment:checking '/home/ubuntu/homework/install/lr_interfaces/bin'
[1.335s] INFO:colcon.colcon_core.shell:Creating package descriptor '/home/ubuntu/homework/install/lr_interfaces/share/lr_interfaces/package.dsv'
[1.336s] INFO:colcon.colcon_core.shell:Creating package script '/home/ubuntu/homework/install/lr_interfaces/share/lr_interfaces/package.sh'
[1.337s] Level 1:colcon.colcon_core.environment:create_file_with_runtime_dependencies(/home/ubuntu/homework/install/lr_interfaces/share/colcon-core/packages/lr_interfaces)
[1.337s] DEBUG:colcon.colcon_core.executor.sequential:run_until_complete 'lr_interfaces' finished with '0'
[1.338s] DEBUG:colcon.colcon_core.executor.sequential:run_until_complete 'morihuooshan'
[1.338s] INFO:colcon.colcon_ros.task.ament_python.build:Building ROS package in '/home/ubuntu/homework/src/morihuooshan' with build type 'ament_python'
[1.338s] Level 1:colcon.colcon_core.shell:create_environment_hook('morihuooshan', 'ament_prefix_path')
[1.338s] INFO:colcon.colcon_core.shell:Creating environment descriptor '/home/ubuntu/homework/install/morihuooshan/share/morihuooshan/hook/ament_prefix_path.dsv'
[1.340s] INFO:colcon.colcon_core.shell:Creating environment hook '/home/ubuntu/homework/install/morihuooshan/share/morihuooshan/hook/ament_prefix_path.sh'
[1.341s] DEBUG:colcon.colcon_core.shell:Skip shell extension 'dsv' for command environment
[1.833s] INFO:colcon.colcon_core.task.python.build:Building Python package in '/home/ubuntu/homework/src/morihuooshan'
[1.833s] DEBUG:colcon.colcon_core.shell:Skip shell extension 'dsv' for command environment
[2.438s] DEBUG:colcon.colcon_core.event_handler.log_command:Invoking command in '/home/ubuntu/homework/src/morihuooshan': PYTHONPATH=/home/ubuntu/homework/build/morihuooshan/prefix_override:/usr/lib/python3/dist-packages/colcon_core/task/python/colcon_distutils_commands:/home/ubuntu/homework/install/morihuooshan/lib/python3.10/site-packages:${PYTHONPATH} /usr/bin/python3 -W ignore:setup.py install is deprecated -W ignore:easy_install command is deprecated setup.py egg_info --egg-base ../../build/morihuooshan build --build-base /home/ubuntu/homework/build/morihuooshan/build install --record /home/ubuntu/homework/build/morihuooshan/install.log --single-version-externally-managed install_data
[2.953s] Level 1:colcon.colcon_core.environment:checking '/home/ubuntu/homework/install/morihuooshan' for CMake module files
[2.954s] Level 1:colcon.colcon_core.environment:checking '/home/ubuntu/homework/install/morihuooshan' for CMake config files
[2.955s] DEBUG:colcon.colcon_core.event_handler.log_command:Invoked command in '/home/ubuntu/homework/src/morihuooshan' returned '0': PYTHONPATH=/home/ubuntu/homework/build/morihuooshan/prefix_override:/usr/lib/python3/dist-packages/colcon_core/task/python/colcon_distutils_commands:/home/ubuntu/homework/install/morihuooshan/lib/python3.10/site-packages:${PYTHONPATH} /usr/bin/python3 -W ignore:setup.py install is deprecated -W ignore:easy_install command is deprecated setup.py egg_info --egg-base ../../build/morihuooshan build --build-base /home/ubuntu/homework/build/morihuooshan/build install --record /home/ubuntu/homework/build/morihuooshan/install.log --single-version-externally-managed install_data
[2.956s] Level 1:colcon.colcon_core.environment:checking '/home/ubuntu/homework/install/morihuooshan/lib'
[2.956s] Level 1:colcon.colcon_core.environment:checking '/home/ubuntu/homework/install/morihuooshan/bin'
[2.956s] Level 1:colcon.colcon_core.environment:checking '/home/ubuntu/homework/install/morihuooshan/lib/pkgconfig/morihuooshan.pc'
[2.957s] Level 1:colcon.colcon_core.environment:checking '/home/ubuntu/homework/install/morihuooshan/lib/python3.10/site-packages'
[2.957s] Level 1:colcon.colcon_core.shell:create_environment_hook('morihuooshan', 'pythonpath')
[2.957s] INFO:colcon.colcon_core.shell:Creating environment descriptor '/home/ubuntu/homework/install/morihuooshan/share/morihuooshan/hook/pythonpath.dsv'
[2.958s] INFO:colcon.colcon_core.shell:Creating environment hook '/home/ubuntu/homework/install/morihuooshan/share/morihuooshan/hook/pythonpath.sh'
[2.959s] Level 1:colcon.colcon_core.environment:checking '/home/ubuntu/homework/install/morihuooshan/bin'
[2.959s] Level 1:colcon.colcon_core.environment:create_environment_scripts_only(morihuooshan)
[2.960s] INFO:colcon.colcon_core.shell:Creating package descriptor '/home/ubuntu/homework/install/morihuooshan/share/morihuooshan/package.dsv'
[2.960s] INFO:colcon.colcon_core.shell:Creating package script '/home/ubuntu/homework/install/morihuooshan/share/morihuooshan/package.sh'
[2.961s] Level 1:colcon.colcon_core.environment:create_file_with_runtime_dependencies(/home/ubuntu/homework/install/morihuooshan/share/colcon-core/packages/morihuooshan)
[2.962s] DEBUG:colcon.colcon_core.executor.sequential:run_until_complete 'morihuooshan' finished with '0'
[2.962s] DEBUG:colcon.colcon_core.executor.sequential:closing loop
[2.962s] DEBUG:colcon.colcon_core.executor.sequential:loop closed
[2.962s] DEBUG:colcon.colcon_core.event_reactor:joining thread
[2.963s] DEBUG:colcon.colcon_core.event_reactor:joined thread
[2.963s] INFO:colcon.colcon_core.shell:Creating prefix script '/home/ubuntu/homework/install/local_setup.sh'
[2.965s] INFO:colcon.colcon_core.shell:Creating prefix util module '/home/ubuntu/homework/install/_local_setup_util_sh.py'
[2.967s] INFO:colcon.colcon_core.shell:Creating prefix chain script '/home/ubuntu/homework/install/setup.sh'
