[0.112s] DEBUG:colcon:Command line arguments: ['/usr/bin/colcon', 'build']
[0.113s] DEBUG:colcon:Parsed command line arguments: Namespace(log_base=None, log_level=None, verb_name='build', build_base='build', install_base='install', merge_install=False, symlink_install=False, test_result_base=None, continue_on_error=False, executor='sequential', event_handlers=None, base_paths=['.'], paths=None, cmake_args=None, cmake_target=None, cmake_target_skip_unavailable=False, cmake_clean_cache=False, cmake_clean_first=False, cmake_force_configure=False, ament_cmake_args=None, catkin_cmake_args=None, catkin_skip_building_tests=False, verb_parser=CustomArgumentParser(prog='colcon build', usage=None, description='Build a set of packages.', formatter_class=<class 'colcon_core.command.CustomFormatter'>, conflict_handler='error', add_help=True), verb_extension=<colcon_core.verb.build.BuildVerb object at 0x76767bdd8100>, main=<bound method BuildVerb.main of <colcon_core.verb.build.BuildVerb object at 0x76767bdd8100>>)
[0.391s] Level 1:colcon.colcon_core.package_discovery:discover_packages(recursive) check parameters
[0.391s] Level 1:colcon.colcon_core.package_discovery:discover_packages(path) check parameters
[0.391s] Level 1:colcon.colcon_core.package_discovery:discover_packages(recursive) discover
[0.392s] INFO:colcon.colcon_core.package_discovery:Crawling recursively for packages in '/home/ubuntu/chapt3/topic_ws'
[0.392s] Level 1:colcon.colcon_core.package_identification:_identify(.) by extensions ['ignore', 'ignore_ament_install']
[0.392s] Level 1:colcon.colcon_core.package_identification:_identify(.) by extension 'ignore'
[0.392s] Level 1:colcon.colcon_core.package_identification:_identify(.) by extension 'ignore_ament_install'
[0.392s] Level 1:colcon.colcon_core.package_identification:_identify(.) by extensions ['ros']
[0.392s] Level 1:colcon.colcon_core.package_identification:_identify(.) by extension 'ros'
[0.413s] Level 1:colcon.colcon_core.package_identification:_identify(.) by extensions ['cmake', 'python']
[0.413s] Level 1:colcon.colcon_core.package_identification:_identify(.) by extension 'cmake'
[0.413s] Level 1:colcon.colcon_core.package_identification:_identify(.) by extension 'python'
[0.413s] Level 1:colcon.colcon_core.package_identification:_identify(.) by extensions ['python_setup_py']
[0.413s] Level 1:colcon.colcon_core.package_identification:_identify(.) by extension 'python_setup_py'
[0.413s] Level 1:colcon.colcon_core.package_identification:_identify(build) by extensions ['ignore', 'ignore_ament_install']
[0.413s] Level 1:colcon.colcon_core.package_identification:_identify(build) by extension 'ignore'
[0.413s] Level 1:colcon.colcon_core.package_identification:_identify(build) ignored
[0.414s] Level 1:colcon.colcon_core.package_identification:_identify(install) by extensions ['ignore', 'ignore_ament_install']
[0.414s] Level 1:colcon.colcon_core.package_identification:_identify(install) by extension 'ignore'
[0.414s] Level 1:colcon.colcon_core.package_identification:_identify(install) ignored
[0.414s] Level 1:colcon.colcon_core.package_identification:_identify(log) by extensions ['ignore', 'ignore_ament_install']
[0.414s] Level 1:colcon.colcon_core.package_identification:_identify(log) by extension 'ignore'
[0.414s] Level 1:colcon.colcon_core.package_identification:_identify(log) ignored
[0.414s] Level 1:colcon.colcon_core.package_identification:_identify(src) by extensions ['ignore', 'ignore_ament_install']
[0.414s] Level 1:colcon.colcon_core.package_identification:_identify(src) by extension 'ignore'
[0.415s] Level 1:colcon.colcon_core.package_identification:_identify(src) by extension 'ignore_ament_install'
[0.415s] Level 1:colcon.colcon_core.package_identification:_identify(src) by extensions ['ros']
[0.415s] Level 1:colcon.colcon_core.package_identification:_identify(src) by extension 'ros'
[0.415s] Level 1:colcon.colcon_core.package_identification:_identify(src) by extensions ['cmake', 'python']
[0.415s] Level 1:colcon.colcon_core.package_identification:_identify(src) by extension 'cmake'
[0.415s] Level 1:colcon.colcon_core.package_identification:_identify(src) by extension 'python'
[0.415s] Level 1:colcon.colcon_core.package_identification:_identify(src) by extensions ['python_setup_py']
[0.415s] Level 1:colcon.colcon_core.package_identification:_identify(src) by extension 'python_setup_py'
[0.415s] Level 1:colcon.colcon_core.package_identification:_identify(src/demo_cpp_topic) by extensions ['ignore', 'ignore_ament_install']
[0.415s] Level 1:colcon.colcon_core.package_identification:_identify(src/demo_cpp_topic) by extension 'ignore'
[0.416s] Level 1:colcon.colcon_core.package_identification:_identify(src/demo_cpp_topic) by extension 'ignore_ament_install'
[0.416s] Level 1:colcon.colcon_core.package_identification:_identify(src/demo_cpp_topic) by extensions ['ros']
[0.416s] Level 1:colcon.colcon_core.package_identification:_identify(src/demo_cpp_topic) by extension 'ros'
[0.420s] DEBUG:colcon.colcon_core.package_identification:Package 'src/demo_cpp_topic' with type 'ros.ament_cmake' and name 'demo_cpp_topic'
[0.420s] Level 1:colcon.colcon_core.package_discovery:discover_packages(recursive) using defaults
[0.420s] Level 1:colcon.colcon_core.package_discovery:discover_packages(path) discover
[0.420s] Level 1:colcon.colcon_core.package_discovery:discover_packages(path) using defaults
[0.459s] Level 5:colcon.colcon_core.verb:set package 'demo_cpp_topic' build argument 'cmake_args' from command line to 'None'
[0.459s] Level 5:colcon.colcon_core.verb:set package 'demo_cpp_topic' build argument 'cmake_target' from command line to 'None'
[0.459s] Level 5:colcon.colcon_core.verb:set package 'demo_cpp_topic' build argument 'cmake_target_skip_unavailable' from command line to 'False'
[0.460s] Level 5:colcon.colcon_core.verb:set package 'demo_cpp_topic' build argument 'cmake_clean_cache' from command line to 'False'
[0.460s] Level 5:colcon.colcon_core.verb:set package 'demo_cpp_topic' build argument 'cmake_clean_first' from command line to 'False'
[0.460s] Level 5:colcon.colcon_core.verb:set package 'demo_cpp_topic' build argument 'cmake_force_configure' from command line to 'False'
[0.460s] Level 5:colcon.colcon_core.verb:set package 'demo_cpp_topic' build argument 'ament_cmake_args' from command line to 'None'
[0.460s] Level 5:colcon.colcon_core.verb:set package 'demo_cpp_topic' build argument 'catkin_cmake_args' from command line to 'None'
[0.460s] Level 5:colcon.colcon_core.verb:set package 'demo_cpp_topic' build argument 'catkin_skip_building_tests' from command line to 'False'
[0.460s] DEBUG:colcon.colcon_core.verb:Building package 'demo_cpp_topic' with the following arguments: {'ament_cmake_args': None, 'build_base': '/home/ubuntu/chapt3/topic_ws/build/demo_cpp_topic', 'catkin_cmake_args': None, 'catkin_skip_building_tests': False, 'cmake_args': None, 'cmake_clean_cache': False, 'cmake_clean_first': False, 'cmake_force_configure': False, 'cmake_target': None, 'cmake_target_skip_unavailable': False, 'install_base': '/home/ubuntu/chapt3/topic_ws/install/demo_cpp_topic', 'merge_install': False, 'path': '/home/ubuntu/chapt3/topic_ws/src/demo_cpp_topic', 'symlink_install': False, 'test_result_base': None}
[0.460s] INFO:colcon.colcon_core.executor:Executing jobs using 'sequential' executor
[0.461s] DEBUG:colcon.colcon_core.executor.sequential:run_until_complete 'demo_cpp_topic'
[0.462s] INFO:colcon.colcon_ros.task.ament_cmake.build:Building ROS package in '/home/ubuntu/chapt3/topic_ws/src/demo_cpp_topic' with build type 'ament_cmake'
[0.462s] INFO:colcon.colcon_cmake.task.cmake.build:Building CMake package in '/home/ubuntu/chapt3/topic_ws/src/demo_cpp_topic'
[0.463s] INFO:colcon.colcon_core.plugin_system:Skipping extension 'colcon_core.shell.bat': Not used on non-Windows systems
[0.463s] DEBUG:colcon.colcon_core.shell:Skip shell extension 'dsv' for command environment
[0.466s] WARNING:colcon.colcon_ros.prefix_path.ament:The path '/home/ubuntu/chapt3/topic_ws/install/demo_cpp_topic' in the environment variable AMENT_PREFIX_PATH doesn't exist
[0.467s] WARNING:colcon.colcon_ros.prefix_path.catkin:The path '/home/ubuntu/chapt3/topic_ws/install/demo_cpp_topic' in the environment variable CMAKE_PREFIX_PATH doesn't exist
[0.480s] DEBUG:colcon.colcon_core.event_handler.log_command:Invoking command in '/home/ubuntu/chapt3/topic_ws/build/demo_cpp_topic': CMAKE_PREFIX_PATH=${CMAKE_PREFIX_PATH}:/opt/ros/humble /usr/bin/cmake /home/ubuntu/chapt3/topic_ws/src/demo_cpp_topic -DCMAKE_INSTALL_PREFIX=/home/ubuntu/chapt3/topic_ws/install/demo_cpp_topic
[3.096s] DEBUG:colcon.colcon_core.event_handler.log_command:Invoked command in '/home/ubuntu/chapt3/topic_ws/build/demo_cpp_topic' returned '0': CMAKE_PREFIX_PATH=${CMAKE_PREFIX_PATH}:/opt/ros/humble /usr/bin/cmake /home/ubuntu/chapt3/topic_ws/src/demo_cpp_topic -DCMAKE_INSTALL_PREFIX=/home/ubuntu/chapt3/topic_ws/install/demo_cpp_topic
[3.100s] DEBUG:colcon.colcon_core.event_handler.log_command:Invoking command in '/home/ubuntu/chapt3/topic_ws/build/demo_cpp_topic': CMAKE_PREFIX_PATH=${CMAKE_PREFIX_PATH}:/opt/ros/humble /usr/bin/cmake --build /home/ubuntu/chapt3/topic_ws/build/demo_cpp_topic -- -j16 -l16
[19.081s] DEBUG:colcon.colcon_core.event_handler.log_command:Invoked command in '/home/ubuntu/chapt3/topic_ws/build/demo_cpp_topic' returned '0': CMAKE_PREFIX_PATH=${CMAKE_PREFIX_PATH}:/opt/ros/humble /usr/bin/cmake --build /home/ubuntu/chapt3/topic_ws/build/demo_cpp_topic -- -j16 -l16
[19.105s] DEBUG:colcon.colcon_core.event_handler.log_command:Invoking command in '/home/ubuntu/chapt3/topic_ws/build/demo_cpp_topic': CMAKE_PREFIX_PATH=${CMAKE_PREFIX_PATH}:/opt/ros/humble /usr/bin/cmake --install /home/ubuntu/chapt3/topic_ws/build/demo_cpp_topic
[19.151s] Level 1:colcon.colcon_core.environment:create_environment_scripts_only(demo_cpp_topic)
[19.151s] DEBUG:colcon.colcon_core.event_handler.log_command:Invoked command in '/home/ubuntu/chapt3/topic_ws/build/demo_cpp_topic' returned '0': CMAKE_PREFIX_PATH=${CMAKE_PREFIX_PATH}:/opt/ros/humble /usr/bin/cmake --install /home/ubuntu/chapt3/topic_ws/build/demo_cpp_topic
[19.155s] Level 1:colcon.colcon_core.environment:checking '/home/ubuntu/chapt3/topic_ws/install/demo_cpp_topic' for CMake module files
[19.156s] Level 1:colcon.colcon_core.environment:checking '/home/ubuntu/chapt3/topic_ws/install/demo_cpp_topic' for CMake config files
[19.157s] Level 1:colcon.colcon_core.shell:create_environment_hook('demo_cpp_topic', 'cmake_prefix_path')
[19.157s] INFO:colcon.colcon_core.shell:Creating environment descriptor '/home/ubuntu/chapt3/topic_ws/install/demo_cpp_topic/share/demo_cpp_topic/hook/cmake_prefix_path.dsv'
[19.158s] INFO:colcon.colcon_core.shell:Creating environment hook '/home/ubuntu/chapt3/topic_ws/install/demo_cpp_topic/share/demo_cpp_topic/hook/cmake_prefix_path.sh'
[19.159s] Level 1:colcon.colcon_core.environment:checking '/home/ubuntu/chapt3/topic_ws/install/demo_cpp_topic/lib'
[19.160s] Level 1:colcon.colcon_core.environment:checking '/home/ubuntu/chapt3/topic_ws/install/demo_cpp_topic/bin'
[19.160s] Level 1:colcon.colcon_core.environment:checking '/home/ubuntu/chapt3/topic_ws/install/demo_cpp_topic/lib/pkgconfig/demo_cpp_topic.pc'
[19.162s] Level 1:colcon.colcon_core.environment:checking '/home/ubuntu/chapt3/topic_ws/install/demo_cpp_topic/lib/python3.10/site-packages'
[19.162s] Level 1:colcon.colcon_core.environment:checking '/home/ubuntu/chapt3/topic_ws/install/demo_cpp_topic/bin'
[19.163s] INFO:colcon.colcon_core.shell:Creating package descriptor '/home/ubuntu/chapt3/topic_ws/install/demo_cpp_topic/share/demo_cpp_topic/package.dsv'
[19.164s] INFO:colcon.colcon_core.shell:Creating package script '/home/ubuntu/chapt3/topic_ws/install/demo_cpp_topic/share/demo_cpp_topic/package.sh'
[19.165s] Level 1:colcon.colcon_core.environment:create_file_with_runtime_dependencies(/home/ubuntu/chapt3/topic_ws/install/demo_cpp_topic/share/colcon-core/packages/demo_cpp_topic)
[19.166s] Level 1:colcon.colcon_core.environment:create_environment_scripts_only(demo_cpp_topic)
[19.167s] Level 1:colcon.colcon_core.environment:checking '/home/ubuntu/chapt3/topic_ws/install/demo_cpp_topic' for CMake module files
[19.168s] Level 1:colcon.colcon_core.environment:checking '/home/ubuntu/chapt3/topic_ws/install/demo_cpp_topic' for CMake config files
[19.168s] Level 1:colcon.colcon_core.shell:create_environment_hook('demo_cpp_topic', 'cmake_prefix_path')
[19.169s] INFO:colcon.colcon_core.shell:Creating environment descriptor '/home/ubuntu/chapt3/topic_ws/install/demo_cpp_topic/share/demo_cpp_topic/hook/cmake_prefix_path.dsv'
[19.170s] INFO:colcon.colcon_core.shell:Creating environment hook '/home/ubuntu/chapt3/topic_ws/install/demo_cpp_topic/share/demo_cpp_topic/hook/cmake_prefix_path.sh'
[19.171s] Level 1:colcon.colcon_core.environment:checking '/home/ubuntu/chapt3/topic_ws/install/demo_cpp_topic/lib'
[19.171s] Level 1:colcon.colcon_core.environment:checking '/home/ubuntu/chapt3/topic_ws/install/demo_cpp_topic/bin'
[19.171s] Level 1:colcon.colcon_core.environment:checking '/home/ubuntu/chapt3/topic_ws/install/demo_cpp_topic/lib/pkgconfig/demo_cpp_topic.pc'
[19.171s] Level 1:colcon.colcon_core.environment:checking '/home/ubuntu/chapt3/topic_ws/install/demo_cpp_topic/lib/python3.10/site-packages'
[19.172s] Level 1:colcon.colcon_core.environment:checking '/home/ubuntu/chapt3/topic_ws/install/demo_cpp_topic/bin'
[19.172s] INFO:colcon.colcon_core.shell:Creating package descriptor '/home/ubuntu/chapt3/topic_ws/install/demo_cpp_topic/share/demo_cpp_topic/package.dsv'
[19.173s] INFO:colcon.colcon_core.shell:Creating package script '/home/ubuntu/chapt3/topic_ws/install/demo_cpp_topic/share/demo_cpp_topic/package.sh'
[19.174s] Level 1:colcon.colcon_core.environment:create_file_with_runtime_dependencies(/home/ubuntu/chapt3/topic_ws/install/demo_cpp_topic/share/colcon-core/packages/demo_cpp_topic)
[19.174s] DEBUG:colcon.colcon_core.executor.sequential:run_until_complete 'demo_cpp_topic' finished with '0'
[19.175s] DEBUG:colcon.colcon_core.executor.sequential:closing loop
[19.175s] DEBUG:colcon.colcon_core.executor.sequential:loop closed
[19.175s] DEBUG:colcon.colcon_core.event_reactor:joining thread
[19.175s] DEBUG:colcon.colcon_core.event_reactor:joined thread
[19.176s] INFO:colcon.colcon_core.shell:Creating prefix script '/home/ubuntu/chapt3/topic_ws/install/local_setup.sh'
[19.177s] INFO:colcon.colcon_core.shell:Creating prefix util module '/home/ubuntu/chapt3/topic_ws/install/_local_setup_util_sh.py'
[19.179s] INFO:colcon.colcon_core.shell:Creating prefix chain script '/home/ubuntu/chapt3/topic_ws/install/setup.sh'
