[0.115s] DEBUG:colcon:Command line arguments: ['/usr/bin/colcon', 'build']
[0.115s] DEBUG:colcon:Parsed command line arguments: Namespace(log_base=None, log_level=None, verb_name='build', build_base='build', install_base='install', merge_install=False, symlink_install=False, test_result_base=None, continue_on_error=False, executor='sequential', event_handlers=None, base_paths=['.'], paths=None, cmake_args=None, cmake_target=None, cmake_target_skip_unavailable=False, cmake_clean_cache=False, cmake_clean_first=False, cmake_force_configure=False, ament_cmake_args=None, catkin_cmake_args=None, catkin_skip_building_tests=False, verb_parser=CustomArgumentParser(prog='colcon build', usage=None, description='Build a set of packages.', formatter_class=<class 'colcon_core.command.CustomFormatter'>, conflict_handler='error', add_help=True), verb_extension=<colcon_core.verb.build.BuildVerb object at 0x74ea56b60220>, main=<bound method BuildVerb.main of <colcon_core.verb.build.BuildVerb object at 0x74ea56b60220>>)
[0.390s] Level 1:colcon.colcon_core.package_discovery:discover_packages(recursive) check parameters
[0.390s] Level 1:colcon.colcon_core.package_discovery:discover_packages(path) check parameters
[0.390s] Level 1:colcon.colcon_core.package_discovery:discover_packages(recursive) discover
[0.390s] INFO:colcon.colcon_core.package_discovery:Crawling recursively for packages in '/home/ubuntu/cha3'
[0.390s] Level 1:colcon.colcon_core.package_identification:_identify(.) by extensions ['ignore', 'ignore_ament_install']
[0.391s] Level 1:colcon.colcon_core.package_identification:_identify(.) by extension 'ignore'
[0.391s] Level 1:colcon.colcon_core.package_identification:_identify(.) by extension 'ignore_ament_install'
[0.391s] Level 1:colcon.colcon_core.package_identification:_identify(.) by extensions ['ros']
[0.391s] Level 1:colcon.colcon_core.package_identification:_identify(.) by extension 'ros'
[0.410s] Level 1:colcon.colcon_core.package_identification:_identify(.) by extensions ['cmake', 'python']
[0.410s] Level 1:colcon.colcon_core.package_identification:_identify(.) by extension 'cmake'
[0.410s] Level 1:colcon.colcon_core.package_identification:_identify(.) by extension 'python'
[0.410s] Level 1:colcon.colcon_core.package_identification:_identify(.) by extensions ['python_setup_py']
[0.410s] Level 1:colcon.colcon_core.package_identification:_identify(.) by extension 'python_setup_py'
[0.411s] Level 1:colcon.colcon_core.package_identification:_identify(build) by extensions ['ignore', 'ignore_ament_install']
[0.411s] Level 1:colcon.colcon_core.package_identification:_identify(build) by extension 'ignore'
[0.411s] Level 1:colcon.colcon_core.package_identification:_identify(build) ignored
[0.411s] Level 1:colcon.colcon_core.package_identification:_identify(install) by extensions ['ignore', 'ignore_ament_install']
[0.411s] Level 1:colcon.colcon_core.package_identification:_identify(install) by extension 'ignore'
[0.411s] Level 1:colcon.colcon_core.package_identification:_identify(install) ignored
[0.412s] Level 1:colcon.colcon_core.package_identification:_identify(log) by extensions ['ignore', 'ignore_ament_install']
[0.412s] Level 1:colcon.colcon_core.package_identification:_identify(log) by extension 'ignore'
[0.412s] Level 1:colcon.colcon_core.package_identification:_identify(log) ignored
[0.412s] Level 1:colcon.colcon_core.package_identification:_identify(src) by extensions ['ignore', 'ignore_ament_install']
[0.412s] Level 1:colcon.colcon_core.package_identification:_identify(src) by extension 'ignore'
[0.412s] Level 1:colcon.colcon_core.package_identification:_identify(src) by extension 'ignore_ament_install'
[0.412s] Level 1:colcon.colcon_core.package_identification:_identify(src) by extensions ['ros']
[0.413s] Level 1:colcon.colcon_core.package_identification:_identify(src) by extension 'ros'
[0.413s] Level 1:colcon.colcon_core.package_identification:_identify(src) by extensions ['cmake', 'python']
[0.413s] Level 1:colcon.colcon_core.package_identification:_identify(src) by extension 'cmake'
[0.413s] Level 1:colcon.colcon_core.package_identification:_identify(src) by extension 'python'
[0.413s] Level 1:colcon.colcon_core.package_identification:_identify(src) by extensions ['python_setup_py']
[0.413s] Level 1:colcon.colcon_core.package_identification:_identify(src) by extension 'python_setup_py'
[0.413s] Level 1:colcon.colcon_core.package_identification:_identify(src/demo_python_topic) by extensions ['ignore', 'ignore_ament_install']
[0.413s] Level 1:colcon.colcon_core.package_identification:_identify(src/demo_python_topic) by extension 'ignore'
[0.413s] Level 1:colcon.colcon_core.package_identification:_identify(src/demo_python_topic) by extension 'ignore_ament_install'
[0.414s] Level 1:colcon.colcon_core.package_identification:_identify(src/demo_python_topic) by extensions ['ros']
[0.414s] Level 1:colcon.colcon_core.package_identification:_identify(src/demo_python_topic) by extension 'ros'
[0.417s] DEBUG:colcon.colcon_core.package_identification:Package 'src/demo_python_topic' with type 'ros.ament_python' and name 'demo_python_topic'
[0.417s] Level 1:colcon.colcon_core.package_discovery:discover_packages(recursive) using defaults
[0.417s] Level 1:colcon.colcon_core.package_discovery:discover_packages(path) discover
[0.418s] Level 1:colcon.colcon_core.package_discovery:discover_packages(path) using defaults
[0.457s] Level 5:colcon.colcon_core.verb:set package 'demo_python_topic' build argument 'cmake_args' from command line to 'None'
[0.457s] Level 5:colcon.colcon_core.verb:set package 'demo_python_topic' build argument 'cmake_target' from command line to 'None'
[0.457s] Level 5:colcon.colcon_core.verb:set package 'demo_python_topic' build argument 'cmake_target_skip_unavailable' from command line to 'False'
[0.457s] Level 5:colcon.colcon_core.verb:set package 'demo_python_topic' build argument 'cmake_clean_cache' from command line to 'False'
[0.457s] Level 5:colcon.colcon_core.verb:set package 'demo_python_topic' build argument 'cmake_clean_first' from command line to 'False'
[0.457s] Level 5:colcon.colcon_core.verb:set package 'demo_python_topic' build argument 'cmake_force_configure' from command line to 'False'
[0.457s] Level 5:colcon.colcon_core.verb:set package 'demo_python_topic' build argument 'ament_cmake_args' from command line to 'None'
[0.457s] Level 5:colcon.colcon_core.verb:set package 'demo_python_topic' build argument 'catkin_cmake_args' from command line to 'None'
[0.457s] Level 5:colcon.colcon_core.verb:set package 'demo_python_topic' build argument 'catkin_skip_building_tests' from command line to 'False'
[0.457s] DEBUG:colcon.colcon_core.verb:Building package 'demo_python_topic' with the following arguments: {'ament_cmake_args': None, 'build_base': '/home/ubuntu/cha3/build/demo_python_topic', 'catkin_cmake_args': None, 'catkin_skip_building_tests': False, 'cmake_args': None, 'cmake_clean_cache': False, 'cmake_clean_first': False, 'cmake_force_configure': False, 'cmake_target': None, 'cmake_target_skip_unavailable': False, 'install_base': '/home/ubuntu/cha3/install/demo_python_topic', 'merge_install': False, 'path': '/home/ubuntu/cha3/src/demo_python_topic', 'symlink_install': False, 'test_result_base': None}
[0.457s] INFO:colcon.colcon_core.executor:Executing jobs using 'sequential' executor
[0.459s] DEBUG:colcon.colcon_core.executor.sequential:run_until_complete 'demo_python_topic'
[0.459s] INFO:colcon.colcon_ros.task.ament_python.build:Building ROS package in '/home/ubuntu/cha3/src/demo_python_topic' with build type 'ament_python'
[0.459s] Level 1:colcon.colcon_core.shell:create_environment_hook('demo_python_topic', 'ament_prefix_path')
[0.461s] INFO:colcon.colcon_core.plugin_system:Skipping extension 'colcon_core.shell.bat': Not used on non-Windows systems
[0.461s] INFO:colcon.colcon_core.shell:Creating environment descriptor '/home/ubuntu/cha3/install/demo_python_topic/share/demo_python_topic/hook/ament_prefix_path.dsv'
[0.462s] INFO:colcon.colcon_core.shell:Creating environment hook '/home/ubuntu/cha3/install/demo_python_topic/share/demo_python_topic/hook/ament_prefix_path.sh'
[0.464s] DEBUG:colcon.colcon_core.shell:Skip shell extension 'dsv' for command environment
[0.884s] INFO:colcon.colcon_core.task.python.build:Building Python package in '/home/ubuntu/cha3/src/demo_python_topic'
[0.885s] DEBUG:colcon.colcon_core.shell:Skip shell extension 'dsv' for command environment
[1.420s] DEBUG:colcon.colcon_core.event_handler.log_command:Invoking command in '/home/ubuntu/cha3/src/demo_python_topic': PYTHONPATH=/home/ubuntu/cha3/build/demo_python_topic/prefix_override:/usr/lib/python3/dist-packages/colcon_core/task/python/colcon_distutils_commands:/home/ubuntu/cha3/install/demo_python_topic/lib/python3.10/site-packages:${PYTHONPATH} /usr/bin/python3 -W ignore:setup.py install is deprecated -W ignore:easy_install command is deprecated setup.py egg_info --egg-base ../../build/demo_python_topic build --build-base /home/ubuntu/cha3/build/demo_python_topic/build install --record /home/ubuntu/cha3/build/demo_python_topic/install.log --single-version-externally-managed install_data
[1.924s] DEBUG:colcon.colcon_core.event_handler.log_command:Invoked command in '/home/ubuntu/cha3/src/demo_python_topic' returned '0': PYTHONPATH=/home/ubuntu/cha3/build/demo_python_topic/prefix_override:/usr/lib/python3/dist-packages/colcon_core/task/python/colcon_distutils_commands:/home/ubuntu/cha3/install/demo_python_topic/lib/python3.10/site-packages:${PYTHONPATH} /usr/bin/python3 -W ignore:setup.py install is deprecated -W ignore:easy_install command is deprecated setup.py egg_info --egg-base ../../build/demo_python_topic build --build-base /home/ubuntu/cha3/build/demo_python_topic/build install --record /home/ubuntu/cha3/build/demo_python_topic/install.log --single-version-externally-managed install_data
[1.928s] Level 1:colcon.colcon_core.environment:checking '/home/ubuntu/cha3/install/demo_python_topic' for CMake module files
[1.929s] Level 1:colcon.colcon_core.environment:checking '/home/ubuntu/cha3/install/demo_python_topic' for CMake config files
[1.931s] Level 1:colcon.colcon_core.environment:checking '/home/ubuntu/cha3/install/demo_python_topic/lib'
[1.931s] Level 1:colcon.colcon_core.environment:checking '/home/ubuntu/cha3/install/demo_python_topic/bin'
[1.931s] Level 1:colcon.colcon_core.environment:checking '/home/ubuntu/cha3/install/demo_python_topic/lib/pkgconfig/demo_python_topic.pc'
[1.932s] Level 1:colcon.colcon_core.environment:checking '/home/ubuntu/cha3/install/demo_python_topic/lib/python3.10/site-packages'
[1.932s] Level 1:colcon.colcon_core.shell:create_environment_hook('demo_python_topic', 'pythonpath')
[1.932s] INFO:colcon.colcon_core.shell:Creating environment descriptor '/home/ubuntu/cha3/install/demo_python_topic/share/demo_python_topic/hook/pythonpath.dsv'
[1.933s] INFO:colcon.colcon_core.shell:Creating environment hook '/home/ubuntu/cha3/install/demo_python_topic/share/demo_python_topic/hook/pythonpath.sh'
[1.934s] Level 1:colcon.colcon_core.environment:checking '/home/ubuntu/cha3/install/demo_python_topic/bin'
[1.934s] Level 1:colcon.colcon_core.environment:create_environment_scripts_only(demo_python_topic)
[1.935s] INFO:colcon.colcon_core.shell:Creating package descriptor '/home/ubuntu/cha3/install/demo_python_topic/share/demo_python_topic/package.dsv'
[1.936s] INFO:colcon.colcon_core.shell:Creating package script '/home/ubuntu/cha3/install/demo_python_topic/share/demo_python_topic/package.sh'
[1.938s] Level 1:colcon.colcon_core.environment:create_file_with_runtime_dependencies(/home/ubuntu/cha3/install/demo_python_topic/share/colcon-core/packages/demo_python_topic)
[1.938s] DEBUG:colcon.colcon_core.executor.sequential:run_until_complete 'demo_python_topic' finished with '0'
[1.939s] DEBUG:colcon.colcon_core.executor.sequential:closing loop
[1.939s] DEBUG:colcon.colcon_core.executor.sequential:loop closed
[1.939s] DEBUG:colcon.colcon_core.event_reactor:joining thread
[1.939s] DEBUG:colcon.colcon_core.event_reactor:joined thread
[1.940s] INFO:colcon.colcon_core.shell:Creating prefix script '/home/ubuntu/cha3/install/local_setup.sh'
[1.941s] INFO:colcon.colcon_core.shell:Creating prefix util module '/home/ubuntu/cha3/install/_local_setup_util_sh.py'
[1.943s] INFO:colcon.colcon_core.shell:Creating prefix chain script '/home/ubuntu/cha3/install/setup.sh'
