[0.113s] DEBUG:colcon:Command line arguments: ['/usr/bin/colcon', 'build']
[0.113s] DEBUG:colcon:Parsed command line arguments: Namespace(log_base=None, log_level=None, verb_name='build', build_base='build', install_base='install', merge_install=False, symlink_install=False, test_result_base=None, continue_on_error=False, executor='sequential', event_handlers=None, base_paths=['.'], paths=None, cmake_args=None, cmake_target=None, cmake_target_skip_unavailable=False, cmake_clean_cache=False, cmake_clean_first=False, cmake_force_configure=False, ament_cmake_args=None, catkin_cmake_args=None, catkin_skip_building_tests=False, verb_parser=CustomArgumentParser(prog='colcon build', usage=None, description='Build a set of packages.', formatter_class=<class 'colcon_core.command.CustomFormatter'>, conflict_handler='error', add_help=True), verb_extension=<colcon_core.verb.build.BuildVerb object at 0x7d59f1f642e0>, main=<bound method BuildVerb.main of <colcon_core.verb.build.BuildVerb object at 0x7d59f1f642e0>>)
[0.390s] Level 1:colcon.colcon_core.package_discovery:discover_packages(recursive) check parameters
[0.390s] Level 1:colcon.colcon_core.package_discovery:discover_packages(path) check parameters
[0.390s] Level 1:colcon.colcon_core.package_discovery:discover_packages(recursive) discover
[0.390s] INFO:colcon.colcon_core.package_discovery:Crawling recursively for packages in '/home/ubuntu/chapt4/chapt4_ws'
[0.390s] Level 1:colcon.colcon_core.package_identification:_identify(.) by extensions ['ignore', 'ignore_ament_install']
[0.390s] Level 1:colcon.colcon_core.package_identification:_identify(.) by extension 'ignore'
[0.390s] Level 1:colcon.colcon_core.package_identification:_identify(.) by extension 'ignore_ament_install'
[0.390s] Level 1:colcon.colcon_core.package_identification:_identify(.) by extensions ['ros']
[0.390s] Level 1:colcon.colcon_core.package_identification:_identify(.) by extension 'ros'
[0.410s] Level 1:colcon.colcon_core.package_identification:_identify(.) by extensions ['cmake', 'python']
[0.410s] Level 1:colcon.colcon_core.package_identification:_identify(.) by extension 'cmake'
[0.410s] Level 1:colcon.colcon_core.package_identification:_identify(.) by extension 'python'
[0.410s] Level 1:colcon.colcon_core.package_identification:_identify(.) by extensions ['python_setup_py']
[0.410s] Level 1:colcon.colcon_core.package_identification:_identify(.) by extension 'python_setup_py'
[0.410s] Level 1:colcon.colcon_core.package_identification:_identify(build) by extensions ['ignore', 'ignore_ament_install']
[0.411s] Level 1:colcon.colcon_core.package_identification:_identify(build) by extension 'ignore'
[0.411s] Level 1:colcon.colcon_core.package_identification:_identify(build) ignored
[0.411s] Level 1:colcon.colcon_core.package_identification:_identify(install) by extensions ['ignore', 'ignore_ament_install']
[0.411s] Level 1:colcon.colcon_core.package_identification:_identify(install) by extension 'ignore'
[0.411s] Level 1:colcon.colcon_core.package_identification:_identify(install) ignored
[0.411s] Level 1:colcon.colcon_core.package_identification:_identify(log) by extensions ['ignore', 'ignore_ament_install']
[0.411s] Level 1:colcon.colcon_core.package_identification:_identify(log) by extension 'ignore'
[0.411s] Level 1:colcon.colcon_core.package_identification:_identify(log) ignored
[0.412s] Level 1:colcon.colcon_core.package_identification:_identify(src) by extensions ['ignore', 'ignore_ament_install']
[0.412s] Level 1:colcon.colcon_core.package_identification:_identify(src) by extension 'ignore'
[0.412s] Level 1:colcon.colcon_core.package_identification:_identify(src) by extension 'ignore_ament_install'
[0.412s] Level 1:colcon.colcon_core.package_identification:_identify(src) by extensions ['ros']
[0.412s] Level 1:colcon.colcon_core.package_identification:_identify(src) by extension 'ros'
[0.412s] Level 1:colcon.colcon_core.package_identification:_identify(src) by extensions ['cmake', 'python']
[0.412s] Level 1:colcon.colcon_core.package_identification:_identify(src) by extension 'cmake'
[0.412s] Level 1:colcon.colcon_core.package_identification:_identify(src) by extension 'python'
[0.412s] Level 1:colcon.colcon_core.package_identification:_identify(src) by extensions ['python_setup_py']
[0.412s] Level 1:colcon.colcon_core.package_identification:_identify(src) by extension 'python_setup_py'
[0.413s] Level 1:colcon.colcon_core.package_identification:_identify(src/chapt4_interfaces) by extensions ['ignore', 'ignore_ament_install']
[0.413s] Level 1:colcon.colcon_core.package_identification:_identify(src/chapt4_interfaces) by extension 'ignore'
[0.413s] Level 1:colcon.colcon_core.package_identification:_identify(src/chapt4_interfaces) by extension 'ignore_ament_install'
[0.413s] Level 1:colcon.colcon_core.package_identification:_identify(src/chapt4_interfaces) by extensions ['ros']
[0.413s] Level 1:colcon.colcon_core.package_identification:_identify(src/chapt4_interfaces) by extension 'ros'
[0.417s] DEBUG:colcon.colcon_core.package_identification:Package 'src/chapt4_interfaces' with type 'ros.ament_cmake' and name 'chapt4_interfaces'
[0.417s] Level 1:colcon.colcon_core.package_identification:_identify(src/demo_python_service) by extensions ['ignore', 'ignore_ament_install']
[0.417s] Level 1:colcon.colcon_core.package_identification:_identify(src/demo_python_service) by extension 'ignore'
[0.417s] Level 1:colcon.colcon_core.package_identification:_identify(src/demo_python_service) by extension 'ignore_ament_install'
[0.417s] Level 1:colcon.colcon_core.package_identification:_identify(src/demo_python_service) by extensions ['ros']
[0.417s] Level 1:colcon.colcon_core.package_identification:_identify(src/demo_python_service) by extension 'ros'
[0.419s] DEBUG:colcon.colcon_core.package_identification:Package 'src/demo_python_service' with type 'ros.ament_python' and name 'demo_python_service'
[0.419s] Level 1:colcon.colcon_core.package_discovery:discover_packages(recursive) using defaults
[0.419s] Level 1:colcon.colcon_core.package_discovery:discover_packages(path) discover
[0.419s] Level 1:colcon.colcon_core.package_discovery:discover_packages(path) using defaults
[0.457s] Level 5:colcon.colcon_core.verb:set package 'chapt4_interfaces' build argument 'cmake_args' from command line to 'None'
[0.457s] Level 5:colcon.colcon_core.verb:set package 'chapt4_interfaces' build argument 'cmake_target' from command line to 'None'
[0.457s] Level 5:colcon.colcon_core.verb:set package 'chapt4_interfaces' build argument 'cmake_target_skip_unavailable' from command line to 'False'
[0.457s] Level 5:colcon.colcon_core.verb:set package 'chapt4_interfaces' build argument 'cmake_clean_cache' from command line to 'False'
[0.457s] Level 5:colcon.colcon_core.verb:set package 'chapt4_interfaces' build argument 'cmake_clean_first' from command line to 'False'
[0.457s] Level 5:colcon.colcon_core.verb:set package 'chapt4_interfaces' build argument 'cmake_force_configure' from command line to 'False'
[0.457s] Level 5:colcon.colcon_core.verb:set package 'chapt4_interfaces' build argument 'ament_cmake_args' from command line to 'None'
[0.457s] Level 5:colcon.colcon_core.verb:set package 'chapt4_interfaces' build argument 'catkin_cmake_args' from command line to 'None'
[0.457s] Level 5:colcon.colcon_core.verb:set package 'chapt4_interfaces' build argument 'catkin_skip_building_tests' from command line to 'False'
[0.458s] DEBUG:colcon.colcon_core.verb:Building package 'chapt4_interfaces' with the following arguments: {'ament_cmake_args': None, 'build_base': '/home/ubuntu/chapt4/chapt4_ws/build/chapt4_interfaces', 'catkin_cmake_args': None, 'catkin_skip_building_tests': False, 'cmake_args': None, 'cmake_clean_cache': False, 'cmake_clean_first': False, 'cmake_force_configure': False, 'cmake_target': None, 'cmake_target_skip_unavailable': False, 'install_base': '/home/ubuntu/chapt4/chapt4_ws/install/chapt4_interfaces', 'merge_install': False, 'path': '/home/ubuntu/chapt4/chapt4_ws/src/chapt4_interfaces', 'symlink_install': False, 'test_result_base': None}
[0.458s] Level 5:colcon.colcon_core.verb:set package 'demo_python_service' build argument 'cmake_args' from command line to 'None'
[0.458s] Level 5:colcon.colcon_core.verb:set package 'demo_python_service' build argument 'cmake_target' from command line to 'None'
[0.458s] Level 5:colcon.colcon_core.verb:set package 'demo_python_service' build argument 'cmake_target_skip_unavailable' from command line to 'False'
[0.458s] Level 5:colcon.colcon_core.verb:set package 'demo_python_service' build argument 'cmake_clean_cache' from command line to 'False'
[0.458s] Level 5:colcon.colcon_core.verb:set package 'demo_python_service' build argument 'cmake_clean_first' from command line to 'False'
[0.458s] Level 5:colcon.colcon_core.verb:set package 'demo_python_service' build argument 'cmake_force_configure' from command line to 'False'
[0.458s] Level 5:colcon.colcon_core.verb:set package 'demo_python_service' build argument 'ament_cmake_args' from command line to 'None'
[0.458s] Level 5:colcon.colcon_core.verb:set package 'demo_python_service' build argument 'catkin_cmake_args' from command line to 'None'
[0.458s] Level 5:colcon.colcon_core.verb:set package 'demo_python_service' build argument 'catkin_skip_building_tests' from command line to 'False'
[0.459s] DEBUG:colcon.colcon_core.verb:Building package 'demo_python_service' with the following arguments: {'ament_cmake_args': None, 'build_base': '/home/ubuntu/chapt4/chapt4_ws/build/demo_python_service', 'catkin_cmake_args': None, 'catkin_skip_building_tests': False, 'cmake_args': None, 'cmake_clean_cache': False, 'cmake_clean_first': False, 'cmake_force_configure': False, 'cmake_target': None, 'cmake_target_skip_unavailable': False, 'install_base': '/home/ubuntu/chapt4/chapt4_ws/install/demo_python_service', 'merge_install': False, 'path': '/home/ubuntu/chapt4/chapt4_ws/src/demo_python_service', 'symlink_install': False, 'test_result_base': None}
[0.459s] INFO:colcon.colcon_core.executor:Executing jobs using 'sequential' executor
[0.461s] DEBUG:colcon.colcon_core.executor.sequential:run_until_complete 'chapt4_interfaces'
[0.461s] INFO:colcon.colcon_ros.task.ament_cmake.build:Building ROS package in '/home/ubuntu/chapt4/chapt4_ws/src/chapt4_interfaces' with build type 'ament_cmake'
[0.462s] INFO:colcon.colcon_cmake.task.cmake.build:Building CMake package in '/home/ubuntu/chapt4/chapt4_ws/src/chapt4_interfaces'
[0.463s] INFO:colcon.colcon_core.plugin_system:Skipping extension 'colcon_core.shell.bat': Not used on non-Windows systems
[0.463s] DEBUG:colcon.colcon_core.shell:Skip shell extension 'dsv' for command environment
[0.477s] DEBUG:colcon.colcon_core.event_handler.log_command:Invoking command in '/home/ubuntu/chapt4/chapt4_ws/build/chapt4_interfaces': CMAKE_PREFIX_PATH=/opt/ros/humble /usr/bin/cmake /home/ubuntu/chapt4/chapt4_ws/src/chapt4_interfaces -DCMAKE_INSTALL_PREFIX=/home/ubuntu/chapt4/chapt4_ws/install/chapt4_interfaces
[4.001s] DEBUG:colcon.colcon_core.event_handler.log_command:Invoked command in '/home/ubuntu/chapt4/chapt4_ws/build/chapt4_interfaces' returned '0': CMAKE_PREFIX_PATH=/opt/ros/humble /usr/bin/cmake /home/ubuntu/chapt4/chapt4_ws/src/chapt4_interfaces -DCMAKE_INSTALL_PREFIX=/home/ubuntu/chapt4/chapt4_ws/install/chapt4_interfaces
[4.004s] DEBUG:colcon.colcon_core.event_handler.log_command:Invoking command in '/home/ubuntu/chapt4/chapt4_ws/build/chapt4_interfaces': CMAKE_PREFIX_PATH=/opt/ros/humble /usr/bin/cmake --build /home/ubuntu/chapt4/chapt4_ws/build/chapt4_interfaces -- -j16 -l16
[8.586s] DEBUG:colcon.colcon_core.event_handler.log_command:Invoked command in '/home/ubuntu/chapt4/chapt4_ws/build/chapt4_interfaces' returned '0': CMAKE_PREFIX_PATH=/opt/ros/humble /usr/bin/cmake --build /home/ubuntu/chapt4/chapt4_ws/build/chapt4_interfaces -- -j16 -l16
[8.608s] DEBUG:colcon.colcon_core.event_handler.log_command:Invoking command in '/home/ubuntu/chapt4/chapt4_ws/build/chapt4_interfaces': CMAKE_PREFIX_PATH=/opt/ros/humble /usr/bin/cmake --install /home/ubuntu/chapt4/chapt4_ws/build/chapt4_interfaces
[8.781s] Level 1:colcon.colcon_core.environment:create_environment_scripts_only(chapt4_interfaces)
[8.781s] DEBUG:colcon.colcon_core.event_handler.log_command:Invoked command in '/home/ubuntu/chapt4/chapt4_ws/build/chapt4_interfaces' returned '0': CMAKE_PREFIX_PATH=/opt/ros/humble /usr/bin/cmake --install /home/ubuntu/chapt4/chapt4_ws/build/chapt4_interfaces
[8.786s] Level 1:colcon.colcon_core.environment:checking '/home/ubuntu/chapt4/chapt4_ws/install/chapt4_interfaces' for CMake module files
[8.787s] Level 1:colcon.colcon_core.environment:checking '/home/ubuntu/chapt4/chapt4_ws/install/chapt4_interfaces' for CMake config files
[8.788s] Level 1:colcon.colcon_core.shell:create_environment_hook('chapt4_interfaces', 'cmake_prefix_path')
[8.789s] INFO:colcon.colcon_core.shell:Creating environment descriptor '/home/ubuntu/chapt4/chapt4_ws/install/chapt4_interfaces/share/chapt4_interfaces/hook/cmake_prefix_path.dsv'
[8.789s] INFO:colcon.colcon_core.shell:Creating environment hook '/home/ubuntu/chapt4/chapt4_ws/install/chapt4_interfaces/share/chapt4_interfaces/hook/cmake_prefix_path.sh'
[8.791s] Level 1:colcon.colcon_core.environment:checking '/home/ubuntu/chapt4/chapt4_ws/install/chapt4_interfaces/lib'
[8.791s] Level 1:colcon.colcon_core.shell:create_environment_hook('chapt4_interfaces', 'ld_library_path_lib')
[8.792s] INFO:colcon.colcon_core.shell:Creating environment descriptor '/home/ubuntu/chapt4/chapt4_ws/install/chapt4_interfaces/share/chapt4_interfaces/hook/ld_library_path_lib.dsv'
[8.792s] INFO:colcon.colcon_core.shell:Creating environment hook '/home/ubuntu/chapt4/chapt4_ws/install/chapt4_interfaces/share/chapt4_interfaces/hook/ld_library_path_lib.sh'
[8.793s] Level 1:colcon.colcon_core.environment:checking '/home/ubuntu/chapt4/chapt4_ws/install/chapt4_interfaces/bin'
[8.793s] Level 1:colcon.colcon_core.environment:checking '/home/ubuntu/chapt4/chapt4_ws/install/chapt4_interfaces/lib/pkgconfig/chapt4_interfaces.pc'
[8.795s] Level 1:colcon.colcon_core.environment:checking '/home/ubuntu/chapt4/chapt4_ws/install/chapt4_interfaces/lib/python3.10/site-packages'
[8.795s] Level 1:colcon.colcon_core.environment:checking '/home/ubuntu/chapt4/chapt4_ws/install/chapt4_interfaces/bin'
[8.795s] INFO:colcon.colcon_core.shell:Creating package descriptor '/home/ubuntu/chapt4/chapt4_ws/install/chapt4_interfaces/share/chapt4_interfaces/package.dsv'
[8.797s] INFO:colcon.colcon_core.shell:Creating package script '/home/ubuntu/chapt4/chapt4_ws/install/chapt4_interfaces/share/chapt4_interfaces/package.sh'
[8.798s] Level 1:colcon.colcon_core.environment:create_file_with_runtime_dependencies(/home/ubuntu/chapt4/chapt4_ws/install/chapt4_interfaces/share/colcon-core/packages/chapt4_interfaces)
[8.799s] Level 1:colcon.colcon_core.environment:create_environment_scripts_only(chapt4_interfaces)
[8.800s] Level 1:colcon.colcon_core.environment:checking '/home/ubuntu/chapt4/chapt4_ws/install/chapt4_interfaces' for CMake module files
[8.801s] Level 1:colcon.colcon_core.environment:checking '/home/ubuntu/chapt4/chapt4_ws/install/chapt4_interfaces' for CMake config files
[8.802s] Level 1:colcon.colcon_core.shell:create_environment_hook('chapt4_interfaces', 'cmake_prefix_path')
[8.802s] INFO:colcon.colcon_core.shell:Creating environment descriptor '/home/ubuntu/chapt4/chapt4_ws/install/chapt4_interfaces/share/chapt4_interfaces/hook/cmake_prefix_path.dsv'
[8.803s] INFO:colcon.colcon_core.shell:Creating environment hook '/home/ubuntu/chapt4/chapt4_ws/install/chapt4_interfaces/share/chapt4_interfaces/hook/cmake_prefix_path.sh'
[8.804s] Level 1:colcon.colcon_core.environment:checking '/home/ubuntu/chapt4/chapt4_ws/install/chapt4_interfaces/lib'
[8.805s] Level 1:colcon.colcon_core.shell:create_environment_hook('chapt4_interfaces', 'ld_library_path_lib')
[8.805s] INFO:colcon.colcon_core.shell:Creating environment descriptor '/home/ubuntu/chapt4/chapt4_ws/install/chapt4_interfaces/share/chapt4_interfaces/hook/ld_library_path_lib.dsv'
[8.806s] INFO:colcon.colcon_core.shell:Creating environment hook '/home/ubuntu/chapt4/chapt4_ws/install/chapt4_interfaces/share/chapt4_interfaces/hook/ld_library_path_lib.sh'
[8.806s] Level 1:colcon.colcon_core.environment:checking '/home/ubuntu/chapt4/chapt4_ws/install/chapt4_interfaces/bin'
[8.807s] Level 1:colcon.colcon_core.environment:checking '/home/ubuntu/chapt4/chapt4_ws/install/chapt4_interfaces/lib/pkgconfig/chapt4_interfaces.pc'
[8.807s] Level 1:colcon.colcon_core.environment:checking '/home/ubuntu/chapt4/chapt4_ws/install/chapt4_interfaces/lib/python3.10/site-packages'
[8.807s] Level 1:colcon.colcon_core.environment:checking '/home/ubuntu/chapt4/chapt4_ws/install/chapt4_interfaces/bin'
[8.808s] INFO:colcon.colcon_core.shell:Creating package descriptor '/home/ubuntu/chapt4/chapt4_ws/install/chapt4_interfaces/share/chapt4_interfaces/package.dsv'
[8.809s] INFO:colcon.colcon_core.shell:Creating package script '/home/ubuntu/chapt4/chapt4_ws/install/chapt4_interfaces/share/chapt4_interfaces/package.sh'
[8.810s] Level 1:colcon.colcon_core.environment:create_file_with_runtime_dependencies(/home/ubuntu/chapt4/chapt4_ws/install/chapt4_interfaces/share/colcon-core/packages/chapt4_interfaces)
[8.810s] DEBUG:colcon.colcon_core.executor.sequential:run_until_complete 'chapt4_interfaces' finished with '0'
[8.810s] DEBUG:colcon.colcon_core.executor.sequential:run_until_complete 'demo_python_service'
[8.811s] INFO:colcon.colcon_ros.task.ament_python.build:Building ROS package in '/home/ubuntu/chapt4/chapt4_ws/src/demo_python_service' with build type 'ament_python'
[8.811s] Level 1:colcon.colcon_core.shell:create_environment_hook('demo_python_service', 'ament_prefix_path')
[8.811s] INFO:colcon.colcon_core.shell:Creating environment descriptor '/home/ubuntu/chapt4/chapt4_ws/install/demo_python_service/share/demo_python_service/hook/ament_prefix_path.dsv'
[8.812s] INFO:colcon.colcon_core.shell:Creating environment hook '/home/ubuntu/chapt4/chapt4_ws/install/demo_python_service/share/demo_python_service/hook/ament_prefix_path.sh'
[8.813s] DEBUG:colcon.colcon_core.shell:Skip shell extension 'dsv' for command environment
[9.250s] INFO:colcon.colcon_core.task.python.build:Building Python package in '/home/ubuntu/chapt4/chapt4_ws/src/demo_python_service'
[9.251s] DEBUG:colcon.colcon_core.shell:Skip shell extension 'dsv' for command environment
[9.794s] DEBUG:colcon.colcon_core.event_handler.log_command:Invoking command in '/home/ubuntu/chapt4/chapt4_ws/src/demo_python_service': AMENT_PREFIX_PATH=/home/ubuntu/chapt4/chapt4_ws/install/chapt4_interfaces:${AMENT_PREFIX_PATH} CMAKE_PREFIX_PATH=/home/ubuntu/chapt4/chapt4_ws/install/chapt4_interfaces LD_LIBRARY_PATH=/home/ubuntu/chapt4/chapt4_ws/install/chapt4_interfaces/lib:${LD_LIBRARY_PATH} PYTHONPATH=/home/ubuntu/chapt4/chapt4_ws/build/demo_python_service/prefix_override:/usr/lib/python3/dist-packages/colcon_core/task/python/colcon_distutils_commands:/home/ubuntu/chapt4/chapt4_ws/install/demo_python_service/lib/python3.10/site-packages:/home/ubuntu/chapt4/chapt4_ws/install/chapt4_interfaces/local/lib/python3.10/dist-packages:${PYTHONPATH} /usr/bin/python3 -W ignore:setup.py install is deprecated -W ignore:easy_install command is deprecated setup.py egg_info --egg-base ../../build/demo_python_service build --build-base /home/ubuntu/chapt4/chapt4_ws/build/demo_python_service/build install --record /home/ubuntu/chapt4/chapt4_ws/build/demo_python_service/install.log --single-version-externally-managed install_data
[10.288s] Level 1:colcon.colcon_core.environment:checking '/home/ubuntu/chapt4/chapt4_ws/install/demo_python_service' for CMake module files
[10.288s] DEBUG:colcon.colcon_core.event_handler.log_command:Invoked command in '/home/ubuntu/chapt4/chapt4_ws/src/demo_python_service' returned '0': AMENT_PREFIX_PATH=/home/ubuntu/chapt4/chapt4_ws/install/chapt4_interfaces:${AMENT_PREFIX_PATH} CMAKE_PREFIX_PATH=/home/ubuntu/chapt4/chapt4_ws/install/chapt4_interfaces LD_LIBRARY_PATH=/home/ubuntu/chapt4/chapt4_ws/install/chapt4_interfaces/lib:${LD_LIBRARY_PATH} PYTHONPATH=/home/ubuntu/chapt4/chapt4_ws/build/demo_python_service/prefix_override:/usr/lib/python3/dist-packages/colcon_core/task/python/colcon_distutils_commands:/home/ubuntu/chapt4/chapt4_ws/install/demo_python_service/lib/python3.10/site-packages:/home/ubuntu/chapt4/chapt4_ws/install/chapt4_interfaces/local/lib/python3.10/dist-packages:${PYTHONPATH} /usr/bin/python3 -W ignore:setup.py install is deprecated -W ignore:easy_install command is deprecated setup.py egg_info --egg-base ../../build/demo_python_service build --build-base /home/ubuntu/chapt4/chapt4_ws/build/demo_python_service/build install --record /home/ubuntu/chapt4/chapt4_ws/build/demo_python_service/install.log --single-version-externally-managed install_data
[10.289s] Level 1:colcon.colcon_core.environment:checking '/home/ubuntu/chapt4/chapt4_ws/install/demo_python_service' for CMake config files
[10.290s] Level 1:colcon.colcon_core.environment:checking '/home/ubuntu/chapt4/chapt4_ws/install/demo_python_service/lib'
[10.291s] Level 1:colcon.colcon_core.environment:checking '/home/ubuntu/chapt4/chapt4_ws/install/demo_python_service/bin'
[10.291s] Level 1:colcon.colcon_core.environment:checking '/home/ubuntu/chapt4/chapt4_ws/install/demo_python_service/lib/pkgconfig/demo_python_service.pc'
[10.291s] Level 1:colcon.colcon_core.environment:checking '/home/ubuntu/chapt4/chapt4_ws/install/demo_python_service/lib/python3.10/site-packages'
[10.291s] Level 1:colcon.colcon_core.shell:create_environment_hook('demo_python_service', 'pythonpath')
[10.291s] INFO:colcon.colcon_core.shell:Creating environment descriptor '/home/ubuntu/chapt4/chapt4_ws/install/demo_python_service/share/demo_python_service/hook/pythonpath.dsv'
[10.292s] INFO:colcon.colcon_core.shell:Creating environment hook '/home/ubuntu/chapt4/chapt4_ws/install/demo_python_service/share/demo_python_service/hook/pythonpath.sh'
[10.293s] Level 1:colcon.colcon_core.environment:checking '/home/ubuntu/chapt4/chapt4_ws/install/demo_python_service/bin'
[10.293s] Level 1:colcon.colcon_core.environment:create_environment_scripts_only(demo_python_service)
[10.294s] INFO:colcon.colcon_core.shell:Creating package descriptor '/home/ubuntu/chapt4/chapt4_ws/install/demo_python_service/share/demo_python_service/package.dsv'
[10.294s] INFO:colcon.colcon_core.shell:Creating package script '/home/ubuntu/chapt4/chapt4_ws/install/demo_python_service/share/demo_python_service/package.sh'
[10.295s] Level 1:colcon.colcon_core.environment:create_file_with_runtime_dependencies(/home/ubuntu/chapt4/chapt4_ws/install/demo_python_service/share/colcon-core/packages/demo_python_service)
[10.296s] DEBUG:colcon.colcon_core.executor.sequential:run_until_complete 'demo_python_service' finished with '0'
[10.296s] DEBUG:colcon.colcon_core.executor.sequential:closing loop
[10.296s] DEBUG:colcon.colcon_core.executor.sequential:loop closed
[10.296s] DEBUG:colcon.colcon_core.event_reactor:joining thread
[10.297s] DEBUG:colcon.colcon_core.event_reactor:joined thread
[10.297s] INFO:colcon.colcon_core.shell:Creating prefix script '/home/ubuntu/chapt4/chapt4_ws/install/local_setup.sh'
[10.298s] INFO:colcon.colcon_core.shell:Creating prefix util module '/home/ubuntu/chapt4/chapt4_ws/install/_local_setup_util_sh.py'
[10.301s] INFO:colcon.colcon_core.shell:Creating prefix chain script '/home/ubuntu/chapt4/chapt4_ws/install/setup.sh'
