[0.115s] DEBUG:colcon:Command line arguments: ['/usr/bin/colcon', 'build']
[0.115s] DEBUG:colcon:Parsed command line arguments: Namespace(log_base=None, log_level=None, verb_name='build', build_base='build', install_base='install', merge_install=False, symlink_install=False, test_result_base=None, continue_on_error=False, executor='sequential', event_handlers=None, base_paths=['.'], paths=None, cmake_args=None, cmake_target=None, cmake_target_skip_unavailable=False, cmake_clean_cache=False, cmake_clean_first=False, cmake_force_configure=False, ament_cmake_args=None, catkin_cmake_args=None, catkin_skip_building_tests=False, verb_parser=CustomArgumentParser(prog='colcon build', usage=None, description='Build a set of packages.', formatter_class=<class 'colcon_core.command.CustomFormatter'>, conflict_handler='error', add_help=True), verb_extension=<colcon_core.verb.build.BuildVerb object at 0x70f3dff60100>, main=<bound method BuildVerb.main of <colcon_core.verb.build.BuildVerb object at 0x70f3dff60100>>)
[0.392s] Level 1:colcon.colcon_core.package_discovery:discover_packages(recursive) check parameters
[0.392s] Level 1:colcon.colcon_core.package_discovery:discover_packages(path) check parameters
[0.392s] Level 1:colcon.colcon_core.package_discovery:discover_packages(recursive) discover
[0.392s] INFO:colcon.colcon_core.package_discovery:Crawling recursively for packages in '/home/ubuntu/homework'
[0.392s] Level 1:colcon.colcon_core.package_identification:_identify(.) by extensions ['ignore', 'ignore_ament_install']
[0.392s] Level 1:colcon.colcon_core.package_identification:_identify(.) by extension 'ignore'
[0.392s] Level 1:colcon.colcon_core.package_identification:_identify(.) by extension 'ignore_ament_install'
[0.393s] Level 1:colcon.colcon_core.package_identification:_identify(.) by extensions ['ros']
[0.393s] Level 1:colcon.colcon_core.package_identification:_identify(.) by extension 'ros'
[0.412s] Level 1:colcon.colcon_core.package_identification:_identify(.) by extensions ['cmake', 'python']
[0.412s] Level 1:colcon.colcon_core.package_identification:_identify(.) by extension 'cmake'
[0.412s] Level 1:colcon.colcon_core.package_identification:_identify(.) by extension 'python'
[0.412s] Level 1:colcon.colcon_core.package_identification:_identify(.) by extensions ['python_setup_py']
[0.412s] Level 1:colcon.colcon_core.package_identification:_identify(.) by extension 'python_setup_py'
[0.412s] Level 1:colcon.colcon_core.package_identification:_identify(build) by extensions ['ignore', 'ignore_ament_install']
[0.412s] Level 1:colcon.colcon_core.package_identification:_identify(build) by extension 'ignore'
[0.413s] Level 1:colcon.colcon_core.package_identification:_identify(build) ignored
[0.413s] Level 1:colcon.colcon_core.package_identification:_identify(install) by extensions ['ignore', 'ignore_ament_install']
[0.413s] Level 1:colcon.colcon_core.package_identification:_identify(install) by extension 'ignore'
[0.413s] Level 1:colcon.colcon_core.package_identification:_identify(install) ignored
[0.413s] Level 1:colcon.colcon_core.package_identification:_identify(log) by extensions ['ignore', 'ignore_ament_install']
[0.413s] Level 1:colcon.colcon_core.package_identification:_identify(log) by extension 'ignore'
[0.413s] Level 1:colcon.colcon_core.package_identification:_identify(log) ignored
[0.414s] Level 1:colcon.colcon_core.package_identification:_identify(src) by extensions ['ignore', 'ignore_ament_install']
[0.414s] Level 1:colcon.colcon_core.package_identification:_identify(src) by extension 'ignore'
[0.414s] Level 1:colcon.colcon_core.package_identification:_identify(src) by extension 'ignore_ament_install'
[0.414s] Level 1:colcon.colcon_core.package_identification:_identify(src) by extensions ['ros']
[0.414s] Level 1:colcon.colcon_core.package_identification:_identify(src) by extension 'ros'
[0.414s] Level 1:colcon.colcon_core.package_identification:_identify(src) by extensions ['cmake', 'python']
[0.414s] Level 1:colcon.colcon_core.package_identification:_identify(src) by extension 'cmake'
[0.414s] Level 1:colcon.colcon_core.package_identification:_identify(src) by extension 'python'
[0.414s] Level 1:colcon.colcon_core.package_identification:_identify(src) by extensions ['python_setup_py']
[0.414s] Level 1:colcon.colcon_core.package_identification:_identify(src) by extension 'python_setup_py'
[0.414s] Level 1:colcon.colcon_core.package_identification:_identify(src/lr_interfaces) by extensions ['ignore', 'ignore_ament_install']
[0.415s] Level 1:colcon.colcon_core.package_identification:_identify(src/lr_interfaces) by extension 'ignore'
[0.415s] Level 1:colcon.colcon_core.package_identification:_identify(src/lr_interfaces) by extension 'ignore_ament_install'
[0.415s] Level 1:colcon.colcon_core.package_identification:_identify(src/lr_interfaces) by extensions ['ros']
[0.415s] Level 1:colcon.colcon_core.package_identification:_identify(src/lr_interfaces) by extension 'ros'
[0.419s] DEBUG:colcon.colcon_core.package_identification:Package 'src/lr_interfaces' with type 'ros.ament_cmake' and name 'lr_interfaces'
[0.419s] Level 1:colcon.colcon_core.package_identification:_identify(src/morihuooshan) by extensions ['ignore', 'ignore_ament_install']
[0.419s] Level 1:colcon.colcon_core.package_identification:_identify(src/morihuooshan) by extension 'ignore'
[0.419s] Level 1:colcon.colcon_core.package_identification:_identify(src/morihuooshan) by extension 'ignore_ament_install'
[0.419s] Level 1:colcon.colcon_core.package_identification:_identify(src/morihuooshan) by extensions ['ros']
[0.419s] Level 1:colcon.colcon_core.package_identification:_identify(src/morihuooshan) by extension 'ros'
[0.420s] DEBUG:colcon.colcon_core.package_identification:Package 'src/morihuooshan' with type 'ros.ament_python' and name 'morihuooshan'
[0.420s] Level 1:colcon.colcon_core.package_discovery:discover_packages(recursive) using defaults
[0.420s] Level 1:colcon.colcon_core.package_discovery:discover_packages(path) discover
[0.420s] Level 1:colcon.colcon_core.package_discovery:discover_packages(path) using defaults
[0.459s] Level 5:colcon.colcon_core.verb:set package 'lr_interfaces' build argument 'cmake_args' from command line to 'None'
[0.459s] Level 5:colcon.colcon_core.verb:set package 'lr_interfaces' build argument 'cmake_target' from command line to 'None'
[0.460s] Level 5:colcon.colcon_core.verb:set package 'lr_interfaces' build argument 'cmake_target_skip_unavailable' from command line to 'False'
[0.460s] Level 5:colcon.colcon_core.verb:set package 'lr_interfaces' build argument 'cmake_clean_cache' from command line to 'False'
[0.460s] Level 5:colcon.colcon_core.verb:set package 'lr_interfaces' build argument 'cmake_clean_first' from command line to 'False'
[0.460s] Level 5:colcon.colcon_core.verb:set package 'lr_interfaces' build argument 'cmake_force_configure' from command line to 'False'
[0.460s] Level 5:colcon.colcon_core.verb:set package 'lr_interfaces' build argument 'ament_cmake_args' from command line to 'None'
[0.460s] Level 5:colcon.colcon_core.verb:set package 'lr_interfaces' build argument 'catkin_cmake_args' from command line to 'None'
[0.460s] Level 5:colcon.colcon_core.verb:set package 'lr_interfaces' build argument 'catkin_skip_building_tests' from command line to 'False'
[0.460s] DEBUG:colcon.colcon_core.verb:Building package 'lr_interfaces' with the following arguments: {'ament_cmake_args': None, 'build_base': '/home/ubuntu/homework/build/lr_interfaces', 'catkin_cmake_args': None, 'catkin_skip_building_tests': False, 'cmake_args': None, 'cmake_clean_cache': False, 'cmake_clean_first': False, 'cmake_force_configure': False, 'cmake_target': None, 'cmake_target_skip_unavailable': False, 'install_base': '/home/ubuntu/homework/install/lr_interfaces', 'merge_install': False, 'path': '/home/ubuntu/homework/src/lr_interfaces', 'symlink_install': False, 'test_result_base': None}
[0.460s] Level 5:colcon.colcon_core.verb:set package 'morihuooshan' build argument 'cmake_args' from command line to 'None'
[0.460s] Level 5:colcon.colcon_core.verb:set package 'morihuooshan' build argument 'cmake_target' from command line to 'None'
[0.461s] Level 5:colcon.colcon_core.verb:set package 'morihuooshan' build argument 'cmake_target_skip_unavailable' from command line to 'False'
[0.461s] Level 5:colcon.colcon_core.verb:set package 'morihuooshan' build argument 'cmake_clean_cache' from command line to 'False'
[0.461s] Level 5:colcon.colcon_core.verb:set package 'morihuooshan' build argument 'cmake_clean_first' from command line to 'False'
[0.461s] Level 5:colcon.colcon_core.verb:set package 'morihuooshan' build argument 'cmake_force_configure' from command line to 'False'
[0.461s] Level 5:colcon.colcon_core.verb:set package 'morihuooshan' build argument 'ament_cmake_args' from command line to 'None'
[0.461s] Level 5:colcon.colcon_core.verb:set package 'morihuooshan' build argument 'catkin_cmake_args' from command line to 'None'
[0.461s] Level 5:colcon.colcon_core.verb:set package 'morihuooshan' build argument 'catkin_skip_building_tests' from command line to 'False'
[0.461s] DEBUG:colcon.colcon_core.verb:Building package 'morihuooshan' with the following arguments: {'ament_cmake_args': None, 'build_base': '/home/ubuntu/homework/build/morihuooshan', 'catkin_cmake_args': None, 'catkin_skip_building_tests': False, 'cmake_args': None, 'cmake_clean_cache': False, 'cmake_clean_first': False, 'cmake_force_configure': False, 'cmake_target': None, 'cmake_target_skip_unavailable': False, 'install_base': '/home/ubuntu/homework/install/morihuooshan', 'merge_install': False, 'path': '/home/ubuntu/homework/src/morihuooshan', 'symlink_install': False, 'test_result_base': None}
[0.461s] INFO:colcon.colcon_core.executor:Executing jobs using 'sequential' executor
[0.462s] DEBUG:colcon.colcon_core.executor.sequential:run_until_complete 'lr_interfaces'
[0.463s] INFO:colcon.colcon_ros.task.ament_cmake.build:Building ROS package in '/home/ubuntu/homework/src/lr_interfaces' with build type 'ament_cmake'
[0.463s] INFO:colcon.colcon_cmake.task.cmake.build:Building CMake package in '/home/ubuntu/homework/src/lr_interfaces'
[0.464s] INFO:colcon.colcon_core.plugin_system:Skipping extension 'colcon_core.shell.bat': Not used on non-Windows systems
[0.465s] DEBUG:colcon.colcon_core.shell:Skip shell extension 'dsv' for command environment
[0.479s] DEBUG:colcon.colcon_core.event_handler.log_command:Invoking command in '/home/ubuntu/homework/build/lr_interfaces': CMAKE_PREFIX_PATH=/opt/ros/humble /usr/bin/cmake /home/ubuntu/homework/src/lr_interfaces -DCMAKE_INSTALL_PREFIX=/home/ubuntu/homework/install/lr_interfaces
[2.270s] DEBUG:colcon.colcon_core.event_handler.log_command:Invoked command in '/home/ubuntu/homework/build/lr_interfaces' returned '0': CMAKE_PREFIX_PATH=/opt/ros/humble /usr/bin/cmake /home/ubuntu/homework/src/lr_interfaces -DCMAKE_INSTALL_PREFIX=/home/ubuntu/homework/install/lr_interfaces
[2.272s] DEBUG:colcon.colcon_core.event_handler.log_command:Invoking command in '/home/ubuntu/homework/build/lr_interfaces': CMAKE_PREFIX_PATH=/opt/ros/humble /usr/bin/cmake --build /home/ubuntu/homework/build/lr_interfaces -- -j16 -l16
[5.790s] DEBUG:colcon.colcon_core.event_handler.log_command:Invoked command in '/home/ubuntu/homework/build/lr_interfaces' returned '0': CMAKE_PREFIX_PATH=/opt/ros/humble /usr/bin/cmake --build /home/ubuntu/homework/build/lr_interfaces -- -j16 -l16
[5.813s] DEBUG:colcon.colcon_core.event_handler.log_command:Invoking command in '/home/ubuntu/homework/build/lr_interfaces': CMAKE_PREFIX_PATH=/opt/ros/humble /usr/bin/cmake --install /home/ubuntu/homework/build/lr_interfaces
[5.965s] Level 1:colcon.colcon_core.environment:create_environment_scripts_only(lr_interfaces)
[5.965s] DEBUG:colcon.colcon_core.event_handler.log_command:Invoked command in '/home/ubuntu/homework/build/lr_interfaces' returned '0': CMAKE_PREFIX_PATH=/opt/ros/humble /usr/bin/cmake --install /home/ubuntu/homework/build/lr_interfaces
[5.970s] Level 1:colcon.colcon_core.environment:checking '/home/ubuntu/homework/install/lr_interfaces' for CMake module files
[5.971s] Level 1:colcon.colcon_core.environment:checking '/home/ubuntu/homework/install/lr_interfaces' for CMake config files
[5.973s] Level 1:colcon.colcon_core.shell:create_environment_hook('lr_interfaces', 'cmake_prefix_path')
[5.973s] INFO:colcon.colcon_core.shell:Creating environment descriptor '/home/ubuntu/homework/install/lr_interfaces/share/lr_interfaces/hook/cmake_prefix_path.dsv'
[5.974s] INFO:colcon.colcon_core.shell:Creating environment hook '/home/ubuntu/homework/install/lr_interfaces/share/lr_interfaces/hook/cmake_prefix_path.sh'
[5.976s] Level 1:colcon.colcon_core.environment:checking '/home/ubuntu/homework/install/lr_interfaces/lib'
[5.976s] Level 1:colcon.colcon_core.shell:create_environment_hook('lr_interfaces', 'ld_library_path_lib')
[5.977s] INFO:colcon.colcon_core.shell:Creating environment descriptor '/home/ubuntu/homework/install/lr_interfaces/share/lr_interfaces/hook/ld_library_path_lib.dsv'
[5.977s] INFO:colcon.colcon_core.shell:Creating environment hook '/home/ubuntu/homework/install/lr_interfaces/share/lr_interfaces/hook/ld_library_path_lib.sh'
[5.978s] Level 1:colcon.colcon_core.environment:checking '/home/ubuntu/homework/install/lr_interfaces/bin'
[5.978s] Level 1:colcon.colcon_core.environment:checking '/home/ubuntu/homework/install/lr_interfaces/lib/pkgconfig/lr_interfaces.pc'
[5.980s] Level 1:colcon.colcon_core.environment:checking '/home/ubuntu/homework/install/lr_interfaces/lib/python3.10/site-packages'
[5.981s] Level 1:colcon.colcon_core.environment:checking '/home/ubuntu/homework/install/lr_interfaces/bin'
[5.981s] INFO:colcon.colcon_core.shell:Creating package descriptor '/home/ubuntu/homework/install/lr_interfaces/share/lr_interfaces/package.dsv'
[5.983s] INFO:colcon.colcon_core.shell:Creating package script '/home/ubuntu/homework/install/lr_interfaces/share/lr_interfaces/package.sh'
[5.984s] Level 1:colcon.colcon_core.environment:create_file_with_runtime_dependencies(/home/ubuntu/homework/install/lr_interfaces/share/colcon-core/packages/lr_interfaces)
[5.986s] Level 1:colcon.colcon_core.environment:create_environment_scripts_only(lr_interfaces)
[5.986s] Level 1:colcon.colcon_core.environment:checking '/home/ubuntu/homework/install/lr_interfaces' for CMake module files
[5.987s] Level 1:colcon.colcon_core.environment:checking '/home/ubuntu/homework/install/lr_interfaces' for CMake config files
[5.989s] Level 1:colcon.colcon_core.shell:create_environment_hook('lr_interfaces', 'cmake_prefix_path')
[5.989s] INFO:colcon.colcon_core.shell:Creating environment descriptor '/home/ubuntu/homework/install/lr_interfaces/share/lr_interfaces/hook/cmake_prefix_path.dsv'
[5.990s] INFO:colcon.colcon_core.shell:Creating environment hook '/home/ubuntu/homework/install/lr_interfaces/share/lr_interfaces/hook/cmake_prefix_path.sh'
[5.991s] Level 1:colcon.colcon_core.environment:checking '/home/ubuntu/homework/install/lr_interfaces/lib'
[5.991s] Level 1:colcon.colcon_core.shell:create_environment_hook('lr_interfaces', 'ld_library_path_lib')
[5.992s] INFO:colcon.colcon_core.shell:Creating environment descriptor '/home/ubuntu/homework/install/lr_interfaces/share/lr_interfaces/hook/ld_library_path_lib.dsv'
[5.992s] INFO:colcon.colcon_core.shell:Creating environment hook '/home/ubuntu/homework/install/lr_interfaces/share/lr_interfaces/hook/ld_library_path_lib.sh'
[5.993s] Level 1:colcon.colcon_core.environment:checking '/home/ubuntu/homework/install/lr_interfaces/bin'
[5.993s] Level 1:colcon.colcon_core.environment:checking '/home/ubuntu/homework/install/lr_interfaces/lib/pkgconfig/lr_interfaces.pc'
[5.994s] Level 1:colcon.colcon_core.environment:checking '/home/ubuntu/homework/install/lr_interfaces/lib/python3.10/site-packages'
[5.994s] Level 1:colcon.colcon_core.environment:checking '/home/ubuntu/homework/install/lr_interfaces/bin'
[5.995s] INFO:colcon.colcon_core.shell:Creating package descriptor '/home/ubuntu/homework/install/lr_interfaces/share/lr_interfaces/package.dsv'
[5.995s] INFO:colcon.colcon_core.shell:Creating package script '/home/ubuntu/homework/install/lr_interfaces/share/lr_interfaces/package.sh'
[5.996s] Level 1:colcon.colcon_core.environment:create_file_with_runtime_dependencies(/home/ubuntu/homework/install/lr_interfaces/share/colcon-core/packages/lr_interfaces)
[5.997s] DEBUG:colcon.colcon_core.executor.sequential:run_until_complete 'lr_interfaces' finished with '0'
[5.997s] DEBUG:colcon.colcon_core.executor.sequential:run_until_complete 'morihuooshan'
[5.997s] INFO:colcon.colcon_ros.task.ament_python.build:Building ROS package in '/home/ubuntu/homework/src/morihuooshan' with build type 'ament_python'
[5.998s] Level 1:colcon.colcon_core.shell:create_environment_hook('morihuooshan', 'ament_prefix_path')
[5.998s] INFO:colcon.colcon_core.shell:Creating environment descriptor '/home/ubuntu/homework/install/morihuooshan/share/morihuooshan/hook/ament_prefix_path.dsv'
[5.999s] INFO:colcon.colcon_core.shell:Creating environment hook '/home/ubuntu/homework/install/morihuooshan/share/morihuooshan/hook/ament_prefix_path.sh'
[6.000s] DEBUG:colcon.colcon_core.shell:Skip shell extension 'dsv' for command environment
[6.430s] INFO:colcon.colcon_core.task.python.build:Building Python package in '/home/ubuntu/homework/src/morihuooshan'
[6.430s] DEBUG:colcon.colcon_core.shell:Skip shell extension 'dsv' for command environment
[6.969s] DEBUG:colcon.colcon_core.event_handler.log_command:Invoking command in '/home/ubuntu/homework/src/morihuooshan': PYTHONPATH=/home/ubuntu/homework/build/morihuooshan/prefix_override:/usr/lib/python3/dist-packages/colcon_core/task/python/colcon_distutils_commands:/home/ubuntu/homework/install/morihuooshan/lib/python3.10/site-packages:${PYTHONPATH} /usr/bin/python3 -W ignore:setup.py install is deprecated -W ignore:easy_install command is deprecated setup.py egg_info --egg-base ../../build/morihuooshan build --build-base /home/ubuntu/homework/build/morihuooshan/build install --record /home/ubuntu/homework/build/morihuooshan/install.log --single-version-externally-managed install_data
[7.457s] Level 1:colcon.colcon_core.environment:checking '/home/ubuntu/homework/install/morihuooshan' for CMake module files
[7.457s] DEBUG:colcon.colcon_core.event_handler.log_command:Invoked command in '/home/ubuntu/homework/src/morihuooshan' returned '0': PYTHONPATH=/home/ubuntu/homework/build/morihuooshan/prefix_override:/usr/lib/python3/dist-packages/colcon_core/task/python/colcon_distutils_commands:/home/ubuntu/homework/install/morihuooshan/lib/python3.10/site-packages:${PYTHONPATH} /usr/bin/python3 -W ignore:setup.py install is deprecated -W ignore:easy_install command is deprecated setup.py egg_info --egg-base ../../build/morihuooshan build --build-base /home/ubuntu/homework/build/morihuooshan/build install --record /home/ubuntu/homework/build/morihuooshan/install.log --single-version-externally-managed install_data
[7.458s] Level 1:colcon.colcon_core.environment:checking '/home/ubuntu/homework/install/morihuooshan' for CMake config files
[7.460s] Level 1:colcon.colcon_core.environment:checking '/home/ubuntu/homework/install/morihuooshan/lib'
[7.460s] Level 1:colcon.colcon_core.environment:checking '/home/ubuntu/homework/install/morihuooshan/bin'
[7.460s] Level 1:colcon.colcon_core.environment:checking '/home/ubuntu/homework/install/morihuooshan/lib/pkgconfig/morihuooshan.pc'
[7.460s] Level 1:colcon.colcon_core.environment:checking '/home/ubuntu/homework/install/morihuooshan/lib/python3.10/site-packages'
[7.461s] Level 1:colcon.colcon_core.shell:create_environment_hook('morihuooshan', 'pythonpath')
[7.461s] INFO:colcon.colcon_core.shell:Creating environment descriptor '/home/ubuntu/homework/install/morihuooshan/share/morihuooshan/hook/pythonpath.dsv'
[7.461s] INFO:colcon.colcon_core.shell:Creating environment hook '/home/ubuntu/homework/install/morihuooshan/share/morihuooshan/hook/pythonpath.sh'
[7.462s] Level 1:colcon.colcon_core.environment:checking '/home/ubuntu/homework/install/morihuooshan/bin'
[7.463s] Level 1:colcon.colcon_core.environment:create_environment_scripts_only(morihuooshan)
[7.463s] INFO:colcon.colcon_core.shell:Creating package descriptor '/home/ubuntu/homework/install/morihuooshan/share/morihuooshan/package.dsv'
[7.464s] INFO:colcon.colcon_core.shell:Creating package script '/home/ubuntu/homework/install/morihuooshan/share/morihuooshan/package.sh'
[7.464s] Level 1:colcon.colcon_core.environment:create_file_with_runtime_dependencies(/home/ubuntu/homework/install/morihuooshan/share/colcon-core/packages/morihuooshan)
[7.465s] DEBUG:colcon.colcon_core.executor.sequential:run_until_complete 'morihuooshan' finished with '0'
[7.465s] DEBUG:colcon.colcon_core.executor.sequential:closing loop
[7.466s] DEBUG:colcon.colcon_core.executor.sequential:loop closed
[7.466s] DEBUG:colcon.colcon_core.event_reactor:joining thread
[7.466s] DEBUG:colcon.colcon_core.event_reactor:joined thread
[7.467s] INFO:colcon.colcon_core.shell:Creating prefix script '/home/ubuntu/homework/install/local_setup.sh'
[7.468s] INFO:colcon.colcon_core.shell:Creating prefix util module '/home/ubuntu/homework/install/_local_setup_util_sh.py'
[7.471s] INFO:colcon.colcon_core.shell:Creating prefix chain script '/home/ubuntu/homework/install/setup.sh'
